[+] Containers:
 |- [+] Container: /Game/RTS/Maps/RTS
 |   |- [+] ActorDescs:
 |   |   |- Guid:03920DF94EEFC9F86CC66185D32A3DA1 BaseClass: NativeClass:/Script/Engine.StaticMeshActor Name:StaticMeshActor_UAID_A4AE111137DC54FB00_1240666663 Label:SM_SkySphere SpatiallyLoaded:0 Bounds:IsValid=true, Min=(X=-1638400.000 Y=-1638400.000 Z=-1638400.000), Max=(X=1638400.000 Y=1638400.000 Z=1638400.000) RuntimeGrid:None EditorOnly:0 RuntimeOnly:0 HLODRelevant:0 ListedInSceneOutliner:1 IsMainWorldOnly:0 FolderPath:Lighting FolderGuid:B7E9BD5B45A652654791988DEF54CCEB
 |   |   |- Guid:17E594DD40D8A599CC7B31BC8BD03832 BaseClass: NativeClass:/Script/Landscape.LandscapeStreamingProxy Name:LandscapeStreamingProxy_3GHEM4CP7LW0QH7E50BK9ZQC3_126_1_3_0 Label:LandscapeStreamingProxy_1_3_0 SpatiallyLoaded:1 Bounds:IsValid=true, Min=(X=-12600.000 Y=12600.000 Z=0.000), Max=(X=0.000 Y=25200.000 Z=200.000) RuntimeGrid:None EditorOnly:0 RuntimeOnly:0 HLODRelevant:1 ListedInSceneOutliner:1 IsMainWorldOnly:0
 |   |   |- Guid:1D3D26F04B6DC10BEFB5B69E5CF914C8 BaseClass: NativeClass:/Script/Engine.VolumetricCloud Name:VolumetricCloud_UAID_A85E45CFE40401D200_1470381760 Label:VolumetricCloud SpatiallyLoaded:0 Bounds:IsValid=true, Min=(X=0.000 Y=0.000 Z=0.000), Max=(X=0.000 Y=0.000 Z=0.000) RuntimeGrid:None EditorOnly:0 RuntimeOnly:0 HLODRelevant:0 ListedInSceneOutliner:1 IsMainWorldOnly:0 FolderPath:Lighting FolderGuid:B7E9BD5B45A652654791988DEF54CCEB
 |   |   |- Guid:1DE8D7AC4103A2EABA11649C7FCF8ACA BaseClass: NativeClass:/Script/Engine.SkyLight Name:SkyLight_UAID_A85E45CFE40401D200_1470380759 Label:SkyLight SpatiallyLoaded:0 Bounds:IsValid=true, Min=(X=0.000 Y=0.000 Z=0.000), Max=(X=0.000 Y=0.000 Z=0.000) RuntimeGrid:None EditorOnly:0 RuntimeOnly:0 HLODRelevant:0 ListedInSceneOutliner:1 IsMainWorldOnly:0 FolderPath:Lighting FolderGuid:B7E9BD5B45A652654791988DEF54CCEB
 |   |   |- Guid:23C9F5E54262DFAF365322A18A5E2AE1 BaseClass: NativeClass:/Script/Landscape.LandscapeStreamingProxy Name:LandscapeStreamingProxy_3GHEM4CP7LW0QH7E50BK9ZQC3_126_0_2_0 Label:LandscapeStreamingProxy_0_2_0 SpatiallyLoaded:1 Bounds:IsValid=true, Min=(X=-25200.000 Y=0.000 Z=0.000), Max=(X=-12600.000 Y=12600.000 Z=200.000) RuntimeGrid:None EditorOnly:0 RuntimeOnly:0 HLODRelevant:1 ListedInSceneOutliner:1 IsMainWorldOnly:0
 |   |   |- Guid:2CE12F874AA39D020A0F4BA5739BD305 BaseClass: NativeClass:/Script/Engine.SkyAtmosphere Name:SkyAtmosphere_UAID_A85E45CFE40401D200_1470382762 Label:SkyAtmosphere SpatiallyLoaded:0 Bounds:IsValid=true, Min=(X=0.000 Y=0.000 Z=0.000), Max=(X=0.000 Y=0.000 Z=0.000) RuntimeGrid:None EditorOnly:0 RuntimeOnly:0 HLODRelevant:0 ListedInSceneOutliner:1 IsMainWorldOnly:0 FolderPath:Lighting FolderGuid:B7E9BD5B45A652654791988DEF54CCEB
 |   |   |- Guid:2F8D4CD84D6425C4CA34C5AF48F075CB BaseClass: NativeClass:/Script/Engine.WorldPartitionHLOD Name:RTS_HLOD0_Instancing_00000000229d72ff Label:RTS_HLOD0_Instancing/RTS_MainGrid_L0_X0_Y1 SpatiallyLoaded:0 Bounds:IsValid=true, Min=(X=-12800.000 Y=12800.000 Z=0.000), Max=(X=12800.000 Y=38400.000 Z=200.000) RuntimeGrid:None EditorOnly:0 RuntimeOnly:1 HLODRelevant:1 ListedInSceneOutliner:1 IsMainWorldOnly:0 FolderPath:HLOD/RTS_HLOD0_Instancing FolderGuid:04EA235B401CAE6CD9862CBB246AB2A9
 |   |   |- Guid:3E11E62F4C2501CA3C5F36B847C51DDF BaseClass: NativeClass:/Script/Landscape.LandscapeStreamingProxy Name:LandscapeStreamingProxy_3GHEM4CP7LW0QH7E50BK9ZQC3_126_3_3_0 Label:LandscapeStreamingProxy_3_3_0 SpatiallyLoaded:1 Bounds:IsValid=true, Min=(X=12600.000 Y=12600.000 Z=0.000), Max=(X=25200.000 Y=25200.000 Z=200.000) RuntimeGrid:None EditorOnly:0 RuntimeOnly:0 HLODRelevant:1 ListedInSceneOutliner:1 IsMainWorldOnly:0
 |   |   |- Guid:41DEAA734CC7AA0BD72D6AABDDAA8A5A BaseClass: NativeClass:/Script/Landscape.LandscapeStreamingProxy Name:LandscapeStreamingProxy_3GHEM4CP7LW0QH7E50BK9ZQC3_126_3_0_0 Label:LandscapeStreamingProxy_3_0_0 SpatiallyLoaded:1 Bounds:IsValid=true, Min=(X=12600.000 Y=-25200.000 Z=0.000), Max=(X=25200.000 Y=-12600.000 Z=200.000) RuntimeGrid:None EditorOnly:0 RuntimeOnly:0 HLODRelevant:1 ListedInSceneOutliner:1 IsMainWorldOnly:0
 |   |   |- Guid:5368FABB47D6D9580DAECA8B0417BF92 BaseClass: NativeClass:/Script/Engine.WorldDataLayers Name:WorldDataLayers Label:WorldDataLayers-1 SpatiallyLoaded:0 Bounds:Invalid RuntimeGrid:None EditorOnly:0 RuntimeOnly:0 HLODRelevant:0 ListedInSceneOutliner:1 IsMainWorldOnly:1
 |   |   |- Guid:538C826A4FE4752FDEB52E9E01E641CC BaseClass: NativeClass:/Script/Engine.WorldPartitionHLOD Name:RTS_HLOD0_Instancing_00000000950956fe Label:RTS_HLOD0_Instancing/RTS_MainGrid_L0_X0_Y-1 SpatiallyLoaded:0 Bounds:IsValid=true, Min=(X=-12800.000 Y=-38400.000 Z=0.000), Max=(X=12800.000 Y=-12800.000 Z=200.000) RuntimeGrid:None EditorOnly:0 RuntimeOnly:1 HLODRelevant:1 ListedInSceneOutliner:1 IsMainWorldOnly:0 FolderPath:HLOD/RTS_HLOD0_Instancing FolderGuid:04EA235B401CAE6CD9862CBB246AB2A9
 |   |   |- Guid:56124EA9416B76CABAA164A91511836B BaseClass: NativeClass:/Script/Engine.WorldPartitionHLOD Name:RTS_HLOD0_Instancing_000000008e52f0e6 Label:RTS_HLOD0_Instancing/RTS_MainGrid_L0_X0_Y0 SpatiallyLoaded:0 Bounds:IsValid=true, Min=(X=-12800.000 Y=-12800.000 Z=0.000), Max=(X=12800.000 Y=12800.000 Z=308.000) RuntimeGrid:None EditorOnly:0 RuntimeOnly:1 HLODRelevant:1 ListedInSceneOutliner:1 IsMainWorldOnly:0 FolderPath:HLOD/RTS_HLOD0_Instancing FolderGuid:04EA235B401CAE6CD9862CBB246AB2A9
 |   |   |- Guid:6E93DC834DD12D035D544DA1197B8805 BaseClass: NativeClass:/Script/Landscape.LandscapeStreamingProxy Name:LandscapeStreamingProxy_3GHEM4CP7LW0QH7E50BK9ZQC3_126_0_0_0 Label:LandscapeStreamingProxy_0_0_0 SpatiallyLoaded:1 Bounds:IsValid=true, Min=(X=-25200.000 Y=-25200.000 Z=0.000), Max=(X=-12600.000 Y=-12600.000 Z=200.000) RuntimeGrid:None EditorOnly:0 RuntimeOnly:0 HLODRelevant:1 ListedInSceneOutliner:1 IsMainWorldOnly:0
 |   |   |- Guid:70124A6E4B5DBDA759C893AF39CF6502 BaseClass: NativeClass:/Script/Engine.WorldPartitionHLOD Name:RTS_HLOD0_Instancing_0000000080da0458 Label:RTS_HLOD0_Instancing/RTS_MainGrid_L0_X-1_Y-1 SpatiallyLoaded:0 Bounds:IsValid=true, Min=(X=-38400.000 Y=-38400.000 Z=0.000), Max=(X=-12800.000 Y=-12800.000 Z=200.000) RuntimeGrid:None EditorOnly:0 RuntimeOnly:1 HLODRelevant:1 ListedInSceneOutliner:1 IsMainWorldOnly:0 FolderPath:HLOD/RTS_HLOD0_Instancing FolderGuid:04EA235B401CAE6CD9862CBB246AB2A9
 |   |   |- Guid:774A0B51448A1D64CBFCC09AAD7B8E0D BaseClass: NativeClass:/Script/Landscape.LandscapeStreamingProxy Name:LandscapeStreamingProxy_3GHEM4CP7LW0QH7E50BK9ZQC3_126_2_1_0 Label:LandscapeStreamingProxy_2_1_0 SpatiallyLoaded:1 Bounds:IsValid=true, Min=(X=0.000 Y=-12600.000 Z=0.000), Max=(X=12600.000 Y=0.000 Z=200.000) RuntimeGrid:None EditorOnly:0 RuntimeOnly:0 HLODRelevant:1 ListedInSceneOutliner:1 IsMainWorldOnly:0
 |   |   |- Guid:795620D245584E86F7970CA4C0372867 BaseClass: NativeClass:/Script/Engine.WorldPartitionHLOD Name:RTS_HLOD0_Instancing_0000000032cd1bbc Label:RTS_HLOD0_Instancing/RTS_MainGrid_L0_X1_Y1 SpatiallyLoaded:0 Bounds:IsValid=true, Min=(X=12800.000 Y=12800.000 Z=0.000), Max=(X=38400.000 Y=38400.000 Z=200.000) RuntimeGrid:None EditorOnly:0 RuntimeOnly:1 HLODRelevant:1 ListedInSceneOutliner:1 IsMainWorldOnly:0 FolderPath:HLOD/RTS_HLOD0_Instancing FolderGuid:04EA235B401CAE6CD9862CBB246AB2A9
 |   |   |- Guid:7C6AE2AE4F501927C751778E5F12126C BaseClass: NativeClass:/Script/Landscape.Landscape Name:Landscape_UAID_1C1B0D911DF418D201_1800950144 Label:Landscape SpatiallyLoaded:0 Bounds:IsValid=true, Min=(X=-25200.000 Y=-25200.000 Z=100.000), Max=(X=-25200.000 Y=-25200.000 Z=100.000) RuntimeGrid:None EditorOnly:0 RuntimeOnly:0 HLODRelevant:0 ListedInSceneOutliner:1 IsMainWorldOnly:0
 |   |   |- Guid:825444AE40AC771C47E364BCDA330AF6 BaseClass: NativeClass:/Script/Landscape.LandscapeStreamingProxy Name:LandscapeStreamingProxy_3GHEM4CP7LW0QH7E50BK9ZQC3_126_3_2_0 Label:LandscapeStreamingProxy_3_2_0 SpatiallyLoaded:1 Bounds:IsValid=true, Min=(X=12600.000 Y=0.000 Z=0.000), Max=(X=25200.000 Y=12600.000 Z=200.000) RuntimeGrid:None EditorOnly:0 RuntimeOnly:0 HLODRelevant:1 ListedInSceneOutliner:1 IsMainWorldOnly:0
 |   |   |- Guid:87B01D914D4E8B9CBF5A2082465D7F9D BaseClass: NativeClass:/Script/Landscape.LandscapeStreamingProxy Name:LandscapeStreamingProxy_3GHEM4CP7LW0QH7E50BK9ZQC3_126_0_1_0 Label:LandscapeStreamingProxy_0_1_0 SpatiallyLoaded:1 Bounds:IsValid=true, Min=(X=-25200.000 Y=-12600.000 Z=0.000), Max=(X=-12600.000 Y=0.000 Z=200.000) RuntimeGrid:None EditorOnly:0 RuntimeOnly:0 HLODRelevant:1 ListedInSceneOutliner:1 IsMainWorldOnly:0
 |   |   |- Guid:89436E4E49A8D0C53C23228214D8888B BaseClass: NativeClass:/Script/Landscape.LandscapeStreamingProxy Name:LandscapeStreamingProxy_3GHEM4CP7LW0QH7E50BK9ZQC3_126_2_2_0 Label:LandscapeStreamingProxy_2_2_0 SpatiallyLoaded:1 Bounds:IsValid=true, Min=(X=0.000 Y=0.000 Z=0.000), Max=(X=12600.000 Y=12600.000 Z=200.000) RuntimeGrid:None EditorOnly:0 RuntimeOnly:0 HLODRelevant:1 ListedInSceneOutliner:1 IsMainWorldOnly:0
 |   |   |- Guid:941D099642780DD837D98CA37DF56FC0 BaseClass: NativeClass:/Script/Engine.WorldPartitionHLOD Name:RTS_HLOD0_Instancing_000000005221749b Label:RTS_HLOD0_Instancing/RTS_MainGrid_L0_X1_Y0 SpatiallyLoaded:0 Bounds:IsValid=true, Min=(X=12800.000 Y=-12800.000 Z=0.000), Max=(X=38400.000 Y=12800.000 Z=200.000) RuntimeGrid:None EditorOnly:0 RuntimeOnly:1 HLODRelevant:1 ListedInSceneOutliner:1 IsMainWorldOnly:0 FolderPath:HLOD/RTS_HLOD0_Instancing FolderGuid:04EA235B401CAE6CD9862CBB246AB2A9
 |   |   |- Guid:962D6BE34E7839A2A94E65B8F6CE5D43 BaseClass: NativeClass:/Script/Engine.PlayerStart Name:PlayerStart_UAID_F02F74551BF5599B01_1153002503 Label:PlayerStart SpatiallyLoaded:0 Bounds:IsValid=true, Min=(X=-614.641 Y=25.359 Z=100.000), Max=(X=-505.359 Y=134.641 Z=284.000) RuntimeGrid:None EditorOnly:0 RuntimeOnly:0 HLODRelevant:0 ListedInSceneOutliner:1 IsMainWorldOnly:0
 |   |   |- Guid:A37A17FE4C33640C788B99806F18AA4E BaseClass: NativeClass:/Script/Landscape.LandscapeStreamingProxy Name:LandscapeStreamingProxy_3GHEM4CP7LW0QH7E50BK9ZQC3_126_1_1_0 Label:LandscapeStreamingProxy_1_1_0 SpatiallyLoaded:1 Bounds:IsValid=true, Min=(X=-12600.000 Y=-12600.000 Z=0.000), Max=(X=0.000 Y=0.000 Z=200.000) RuntimeGrid:None EditorOnly:0 RuntimeOnly:0 HLODRelevant:1 ListedInSceneOutliner:1 IsMainWorldOnly:0
 |   |   |- Guid:AAAC6B5742760A58C2206DB37E44683C BaseClass: NativeClass:/Script/Engine.DirectionalLight Name:DirectionalLight_UAID_A85E45CFE40401D200_1470382761 Label:DirectionalLight SpatiallyLoaded:0 Bounds:IsValid=true, Min=(X=-4398046511104.000 Y=-4398046511104.000 Z=-4398046511104.000), Max=(X=4398046511104.000 Y=4398046511104.000 Z=4398046511104.000) RuntimeGrid:None EditorOnly:0 RuntimeOnly:0 HLODRelevant:0 ListedInSceneOutliner:1 IsMainWorldOnly:0 FolderPath:Lighting FolderGuid:B7E9BD5B45A652654791988DEF54CCEB
 |   |   |- Guid:ACA4945144D5FE3F434953BE26324AA0 BaseClass: NativeClass:/Script/Landscape.LandscapeStreamingProxy Name:LandscapeStreamingProxy_3GHEM4CP7LW0QH7E50BK9ZQC3_126_1_0_0 Label:LandscapeStreamingProxy_1_0_0 SpatiallyLoaded:1 Bounds:IsValid=true, Min=(X=-12600.000 Y=-25200.000 Z=0.000), Max=(X=0.000 Y=-12600.000 Z=200.000) RuntimeGrid:None EditorOnly:0 RuntimeOnly:0 HLODRelevant:1 ListedInSceneOutliner:1 IsMainWorldOnly:0
 |   |   |- Guid:C11BEF324F38FE36767600831111A4DB BaseClass: NativeClass:/Script/Landscape.LandscapeStreamingProxy Name:LandscapeStreamingProxy_3GHEM4CP7LW0QH7E50BK9ZQC3_126_1_2_0 Label:LandscapeStreamingProxy_1_2_0 SpatiallyLoaded:1 Bounds:IsValid=true, Min=(X=-12600.000 Y=0.000 Z=0.000), Max=(X=0.000 Y=12600.000 Z=200.000) RuntimeGrid:None EditorOnly:0 RuntimeOnly:0 HLODRelevant:1 ListedInSceneOutliner:1 IsMainWorldOnly:0
 |   |   |- Guid:C3501EE74A6AEC0767CC85923DA13D50 BaseClass: NativeClass:/Script/Engine.WorldPartitionHLOD Name:RTS_HLOD0_Instancing_00000000a9429450 Label:RTS_HLOD0_Instancing/RTS_MainGrid_L0_X-1_Y0 SpatiallyLoaded:0 Bounds:IsValid=true, Min=(X=-38400.000 Y=-12800.000 Z=0.000), Max=(X=-12800.000 Y=12800.000 Z=200.000) RuntimeGrid:None EditorOnly:0 RuntimeOnly:1 HLODRelevant:1 ListedInSceneOutliner:1 IsMainWorldOnly:0 FolderPath:HLOD/RTS_HLOD0_Instancing FolderGuid:04EA235B401CAE6CD9862CBB246AB2A9
 |   |   |- Guid:D38DB4E543F8B648BC2632AECB00DFC1 BaseClass: NativeClass:/Script/Landscape.LandscapeStreamingProxy Name:LandscapeStreamingProxy_3GHEM4CP7LW0QH7E50BK9ZQC3_126_2_0_0 Label:LandscapeStreamingProxy_2_0_0 SpatiallyLoaded:1 Bounds:IsValid=true, Min=(X=0.000 Y=-25200.000 Z=0.000), Max=(X=12600.000 Y=-12600.000 Z=200.000) RuntimeGrid:None EditorOnly:0 RuntimeOnly:0 HLODRelevant:1 ListedInSceneOutliner:1 IsMainWorldOnly:0
 |   |   |- Guid:D3FB7383421AAEFD3DB6F8B1E415A9FE BaseClass: NativeClass:/Script/Engine.ExponentialHeightFog Name:ExponentialHeightFog_UAID_A85E45CFE40401D200_1470382763 Label:ExponentialHeightFog SpatiallyLoaded:0 Bounds:IsValid=true, Min=(X=-5600.000 Y=-50.000 Z=-6850.000), Max=(X=-5600.000 Y=-50.000 Z=-6850.000) RuntimeGrid:None EditorOnly:0 RuntimeOnly:0 HLODRelevant:0 ListedInSceneOutliner:1 IsMainWorldOnly:0 FolderPath:Lighting FolderGuid:B7E9BD5B45A652654791988DEF54CCEB
 |   |   |- Guid:D7D4C2224467FD2C73E2EEB83CE94093 BaseClass: NativeClass:/Script/Engine.WorldPartitionHLOD Name:RTS_HLOD0_Instancing_000000005f3f49b5 Label:RTS_HLOD0_Instancing/RTS_MainGrid_L0_X1_Y-1 SpatiallyLoaded:0 Bounds:IsValid=true, Min=(X=12800.000 Y=-38400.000 Z=0.000), Max=(X=38400.000 Y=-12800.000 Z=200.000) RuntimeGrid:None EditorOnly:0 RuntimeOnly:1 HLODRelevant:1 ListedInSceneOutliner:1 IsMainWorldOnly:0 FolderPath:HLOD/RTS_HLOD0_Instancing FolderGuid:04EA235B401CAE6CD9862CBB246AB2A9
 |   |   |- Guid:DCF69E694A0AABF1FCEC95A25D87B32F BaseClass: NativeClass:/Script/Landscape.LandscapeStreamingProxy Name:LandscapeStreamingProxy_3GHEM4CP7LW0QH7E50BK9ZQC3_126_2_3_0 Label:LandscapeStreamingProxy_2_3_0 SpatiallyLoaded:1 Bounds:IsValid=true, Min=(X=0.000 Y=12600.000 Z=0.000), Max=(X=12600.000 Y=25200.000 Z=200.000) RuntimeGrid:None EditorOnly:0 RuntimeOnly:0 HLODRelevant:1 ListedInSceneOutliner:1 IsMainWorldOnly:0
 |   |   |- Guid:E64F843842531F020932709687D96533 BaseClass: NativeClass:/Script/Landscape.LandscapeStreamingProxy Name:LandscapeStreamingProxy_3GHEM4CP7LW0QH7E50BK9ZQC3_126_0_3_0 Label:LandscapeStreamingProxy_0_3_0 SpatiallyLoaded:1 Bounds:IsValid=true, Min=(X=-25200.000 Y=12600.000 Z=0.000), Max=(X=-12600.000 Y=25200.000 Z=200.000) RuntimeGrid:None EditorOnly:0 RuntimeOnly:0 HLODRelevant:1 ListedInSceneOutliner:1 IsMainWorldOnly:0
 |   |   |- Guid:E7C0C8204D3A8DA1499B6EA0133543C4 BaseClass: NativeClass:/Script/Engine.WorldPartitionHLOD Name:RTS_HLOD0_Instancing_00000000621dff51 Label:RTS_HLOD0_Instancing/RTS_MainGrid_L0_X-1_Y1 SpatiallyLoaded:0 Bounds:IsValid=true, Min=(X=-38400.000 Y=12800.000 Z=0.000), Max=(X=-12800.000 Y=38400.000 Z=200.000) RuntimeGrid:None EditorOnly:0 RuntimeOnly:1 HLODRelevant:1 ListedInSceneOutliner:1 IsMainWorldOnly:0 FolderPath:HLOD/RTS_HLOD0_Instancing FolderGuid:04EA235B401CAE6CD9862CBB246AB2A9
 |   |   |- Guid:E9265EE148A6A64EE6E45B8CDD481A3B BaseClass:/Game/RTS/Building_types/BP_TheMainBuilding.BP_TheMainBuilding_C NativeClass:/Script/Engine.Actor Name:BP_TheMainBuilding_C_UAID_1C1B0D911DF4A0EA01_1783655423 Label:BP_TheMainBuilding SpatiallyLoaded:1 Bounds:IsValid=true, Min=(X=-190.000 Y=-20.000 Z=100.000), Max=(X=-90.000 Y=80.000 Z=200.000) RuntimeGrid:None EditorOnly:0 RuntimeOnly:0 HLODRelevant:0 ListedInSceneOutliner:1 IsMainWorldOnly:0
 |   |   |- Guid:EF338325468CC3C5069AA8B3490B984B BaseClass: NativeClass:/Script/Landscape.LandscapeStreamingProxy Name:LandscapeStreamingProxy_3GHEM4CP7LW0QH7E50BK9ZQC3_126_3_1_0 Label:LandscapeStreamingProxy_3_1_0 SpatiallyLoaded:1 Bounds:IsValid=true, Min=(X=12600.000 Y=-12600.000 Z=0.000), Max=(X=25200.000 Y=0.000 Z=200.000) RuntimeGrid:None EditorOnly:0 RuntimeOnly:0 HLODRelevant:1 ListedInSceneOutliner:1 IsMainWorldOnly:0
 |   |- [+] Clusters:
 |   |   |- [+] [  0]
 |   |   |   |- Guid:03920DF94EEFC9F86CC66185D32A3DA1 BaseClass: NativeClass:/Script/Engine.StaticMeshActor Name:StaticMeshActor_UAID_A4AE111137DC54FB00_1240666663 Label:SM_SkySphere SpatiallyLoaded:0 Bounds:IsValid=true, Min=(X=-1638400.000 Y=-1638400.000 Z=-1638400.000), Max=(X=1638400.000 Y=1638400.000 Z=1638400.000) RuntimeGrid:None EditorOnly:0 RuntimeOnly:0 HLODRelevant:0 ListedInSceneOutliner:1 IsMainWorldOnly:0 FolderPath:Lighting FolderGuid:B7E9BD5B45A652654791988DEF54CCEB
 |   |   |- [+] [  1]
 |   |   |   |- Guid:17E594DD40D8A599CC7B31BC8BD03832 BaseClass: NativeClass:/Script/Landscape.LandscapeStreamingProxy Name:LandscapeStreamingProxy_3GHEM4CP7LW0QH7E50BK9ZQC3_126_1_3_0 Label:LandscapeStreamingProxy_1_3_0 SpatiallyLoaded:1 Bounds:IsValid=true, Min=(X=-12600.000 Y=12600.000 Z=0.000), Max=(X=0.000 Y=25200.000 Z=200.000) RuntimeGrid:None EditorOnly:0 RuntimeOnly:0 HLODRelevant:1 ListedInSceneOutliner:1 IsMainWorldOnly:0
 |   |   |- [+] [  2]
 |   |   |   |- Guid:1D3D26F04B6DC10BEFB5B69E5CF914C8 BaseClass: NativeClass:/Script/Engine.VolumetricCloud Name:VolumetricCloud_UAID_A85E45CFE40401D200_1470381760 Label:VolumetricCloud SpatiallyLoaded:0 Bounds:IsValid=true, Min=(X=0.000 Y=0.000 Z=0.000), Max=(X=0.000 Y=0.000 Z=0.000) RuntimeGrid:None EditorOnly:0 RuntimeOnly:0 HLODRelevant:0 ListedInSceneOutliner:1 IsMainWorldOnly:0 FolderPath:Lighting FolderGuid:B7E9BD5B45A652654791988DEF54CCEB
 |   |   |- [+] [  3]
 |   |   |   |- Guid:1DE8D7AC4103A2EABA11649C7FCF8ACA BaseClass: NativeClass:/Script/Engine.SkyLight Name:SkyLight_UAID_A85E45CFE40401D200_1470380759 Label:SkyLight SpatiallyLoaded:0 Bounds:IsValid=true, Min=(X=0.000 Y=0.000 Z=0.000), Max=(X=0.000 Y=0.000 Z=0.000) RuntimeGrid:None EditorOnly:0 RuntimeOnly:0 HLODRelevant:0 ListedInSceneOutliner:1 IsMainWorldOnly:0 FolderPath:Lighting FolderGuid:B7E9BD5B45A652654791988DEF54CCEB
 |   |   |- [+] [  4]
 |   |   |   |- Guid:23C9F5E54262DFAF365322A18A5E2AE1 BaseClass: NativeClass:/Script/Landscape.LandscapeStreamingProxy Name:LandscapeStreamingProxy_3GHEM4CP7LW0QH7E50BK9ZQC3_126_0_2_0 Label:LandscapeStreamingProxy_0_2_0 SpatiallyLoaded:1 Bounds:IsValid=true, Min=(X=-25200.000 Y=0.000 Z=0.000), Max=(X=-12600.000 Y=12600.000 Z=200.000) RuntimeGrid:None EditorOnly:0 RuntimeOnly:0 HLODRelevant:1 ListedInSceneOutliner:1 IsMainWorldOnly:0
 |   |   |- [+] [  5]
 |   |   |   |- Guid:2CE12F874AA39D020A0F4BA5739BD305 BaseClass: NativeClass:/Script/Engine.SkyAtmosphere Name:SkyAtmosphere_UAID_A85E45CFE40401D200_1470382762 Label:SkyAtmosphere SpatiallyLoaded:0 Bounds:IsValid=true, Min=(X=0.000 Y=0.000 Z=0.000), Max=(X=0.000 Y=0.000 Z=0.000) RuntimeGrid:None EditorOnly:0 RuntimeOnly:0 HLODRelevant:0 ListedInSceneOutliner:1 IsMainWorldOnly:0 FolderPath:Lighting FolderGuid:B7E9BD5B45A652654791988DEF54CCEB
 |   |   |- [+] [  6]
 |   |   |   |- Guid:2F8D4CD84D6425C4CA34C5AF48F075CB BaseClass: NativeClass:/Script/Engine.WorldPartitionHLOD Name:RTS_HLOD0_Instancing_00000000229d72ff Label:RTS_HLOD0_Instancing/RTS_MainGrid_L0_X0_Y1 SpatiallyLoaded:0 Bounds:IsValid=true, Min=(X=-12800.000 Y=12800.000 Z=0.000), Max=(X=12800.000 Y=38400.000 Z=200.000) RuntimeGrid:None EditorOnly:0 RuntimeOnly:1 HLODRelevant:1 ListedInSceneOutliner:1 IsMainWorldOnly:0 FolderPath:HLOD/RTS_HLOD0_Instancing FolderGuid:04EA235B401CAE6CD9862CBB246AB2A9
 |   |   |- [+] [  7]
 |   |   |   |- Guid:3E11E62F4C2501CA3C5F36B847C51DDF BaseClass: NativeClass:/Script/Landscape.LandscapeStreamingProxy Name:LandscapeStreamingProxy_3GHEM4CP7LW0QH7E50BK9ZQC3_126_3_3_0 Label:LandscapeStreamingProxy_3_3_0 SpatiallyLoaded:1 Bounds:IsValid=true, Min=(X=12600.000 Y=12600.000 Z=0.000), Max=(X=25200.000 Y=25200.000 Z=200.000) RuntimeGrid:None EditorOnly:0 RuntimeOnly:0 HLODRelevant:1 ListedInSceneOutliner:1 IsMainWorldOnly:0
 |   |   |- [+] [  8]
 |   |   |   |- Guid:41DEAA734CC7AA0BD72D6AABDDAA8A5A BaseClass: NativeClass:/Script/Landscape.LandscapeStreamingProxy Name:LandscapeStreamingProxy_3GHEM4CP7LW0QH7E50BK9ZQC3_126_3_0_0 Label:LandscapeStreamingProxy_3_0_0 SpatiallyLoaded:1 Bounds:IsValid=true, Min=(X=12600.000 Y=-25200.000 Z=0.000), Max=(X=25200.000 Y=-12600.000 Z=200.000) RuntimeGrid:None EditorOnly:0 RuntimeOnly:0 HLODRelevant:1 ListedInSceneOutliner:1 IsMainWorldOnly:0
 |   |   |- [+] [  9]
 |   |   |   |- Guid:5368FABB47D6D9580DAECA8B0417BF92 BaseClass: NativeClass:/Script/Engine.WorldDataLayers Name:WorldDataLayers Label:WorldDataLayers-1 SpatiallyLoaded:0 Bounds:Invalid RuntimeGrid:None EditorOnly:0 RuntimeOnly:0 HLODRelevant:0 ListedInSceneOutliner:1 IsMainWorldOnly:1
 |   |   |- [+] [ 10]
 |   |   |   |- Guid:538C826A4FE4752FDEB52E9E01E641CC BaseClass: NativeClass:/Script/Engine.WorldPartitionHLOD Name:RTS_HLOD0_Instancing_00000000950956fe Label:RTS_HLOD0_Instancing/RTS_MainGrid_L0_X0_Y-1 SpatiallyLoaded:0 Bounds:IsValid=true, Min=(X=-12800.000 Y=-38400.000 Z=0.000), Max=(X=12800.000 Y=-12800.000 Z=200.000) RuntimeGrid:None EditorOnly:0 RuntimeOnly:1 HLODRelevant:1 ListedInSceneOutliner:1 IsMainWorldOnly:0 FolderPath:HLOD/RTS_HLOD0_Instancing FolderGuid:04EA235B401CAE6CD9862CBB246AB2A9
 |   |   |- [+] [ 11]
 |   |   |   |- Guid:56124EA9416B76CABAA164A91511836B BaseClass: NativeClass:/Script/Engine.WorldPartitionHLOD Name:RTS_HLOD0_Instancing_000000008e52f0e6 Label:RTS_HLOD0_Instancing/RTS_MainGrid_L0_X0_Y0 SpatiallyLoaded:0 Bounds:IsValid=true, Min=(X=-12800.000 Y=-12800.000 Z=0.000), Max=(X=12800.000 Y=12800.000 Z=308.000) RuntimeGrid:None EditorOnly:0 RuntimeOnly:1 HLODRelevant:1 ListedInSceneOutliner:1 IsMainWorldOnly:0 FolderPath:HLOD/RTS_HLOD0_Instancing FolderGuid:04EA235B401CAE6CD9862CBB246AB2A9
 |   |   |- [+] [ 12]
 |   |   |   |- Guid:6E93DC834DD12D035D544DA1197B8805 BaseClass: NativeClass:/Script/Landscape.LandscapeStreamingProxy Name:LandscapeStreamingProxy_3GHEM4CP7LW0QH7E50BK9ZQC3_126_0_0_0 Label:LandscapeStreamingProxy_0_0_0 SpatiallyLoaded:1 Bounds:IsValid=true, Min=(X=-25200.000 Y=-25200.000 Z=0.000), Max=(X=-12600.000 Y=-12600.000 Z=200.000) RuntimeGrid:None EditorOnly:0 RuntimeOnly:0 HLODRelevant:1 ListedInSceneOutliner:1 IsMainWorldOnly:0
 |   |   |- [+] [ 13]
 |   |   |   |- Guid:70124A6E4B5DBDA759C893AF39CF6502 BaseClass: NativeClass:/Script/Engine.WorldPartitionHLOD Name:RTS_HLOD0_Instancing_0000000080da0458 Label:RTS_HLOD0_Instancing/RTS_MainGrid_L0_X-1_Y-1 SpatiallyLoaded:0 Bounds:IsValid=true, Min=(X=-38400.000 Y=-38400.000 Z=0.000), Max=(X=-12800.000 Y=-12800.000 Z=200.000) RuntimeGrid:None EditorOnly:0 RuntimeOnly:1 HLODRelevant:1 ListedInSceneOutliner:1 IsMainWorldOnly:0 FolderPath:HLOD/RTS_HLOD0_Instancing FolderGuid:04EA235B401CAE6CD9862CBB246AB2A9
 |   |   |- [+] [ 14]
 |   |   |   |- Guid:774A0B51448A1D64CBFCC09AAD7B8E0D BaseClass: NativeClass:/Script/Landscape.LandscapeStreamingProxy Name:LandscapeStreamingProxy_3GHEM4CP7LW0QH7E50BK9ZQC3_126_2_1_0 Label:LandscapeStreamingProxy_2_1_0 SpatiallyLoaded:1 Bounds:IsValid=true, Min=(X=0.000 Y=-12600.000 Z=0.000), Max=(X=12600.000 Y=0.000 Z=200.000) RuntimeGrid:None EditorOnly:0 RuntimeOnly:0 HLODRelevant:1 ListedInSceneOutliner:1 IsMainWorldOnly:0
 |   |   |- [+] [ 15]
 |   |   |   |- Guid:795620D245584E86F7970CA4C0372867 BaseClass: NativeClass:/Script/Engine.WorldPartitionHLOD Name:RTS_HLOD0_Instancing_0000000032cd1bbc Label:RTS_HLOD0_Instancing/RTS_MainGrid_L0_X1_Y1 SpatiallyLoaded:0 Bounds:IsValid=true, Min=(X=12800.000 Y=12800.000 Z=0.000), Max=(X=38400.000 Y=38400.000 Z=200.000) RuntimeGrid:None EditorOnly:0 RuntimeOnly:1 HLODRelevant:1 ListedInSceneOutliner:1 IsMainWorldOnly:0 FolderPath:HLOD/RTS_HLOD0_Instancing FolderGuid:04EA235B401CAE6CD9862CBB246AB2A9
 |   |   |- [+] [ 16]
 |   |   |   |- Guid:7C6AE2AE4F501927C751778E5F12126C BaseClass: NativeClass:/Script/Landscape.Landscape Name:Landscape_UAID_1C1B0D911DF418D201_1800950144 Label:Landscape SpatiallyLoaded:0 Bounds:IsValid=true, Min=(X=-25200.000 Y=-25200.000 Z=100.000), Max=(X=-25200.000 Y=-25200.000 Z=100.000) RuntimeGrid:None EditorOnly:0 RuntimeOnly:0 HLODRelevant:0 ListedInSceneOutliner:1 IsMainWorldOnly:0
 |   |   |- [+] [ 17]
 |   |   |   |- Guid:825444AE40AC771C47E364BCDA330AF6 BaseClass: NativeClass:/Script/Landscape.LandscapeStreamingProxy Name:LandscapeStreamingProxy_3GHEM4CP7LW0QH7E50BK9ZQC3_126_3_2_0 Label:LandscapeStreamingProxy_3_2_0 SpatiallyLoaded:1 Bounds:IsValid=true, Min=(X=12600.000 Y=0.000 Z=0.000), Max=(X=25200.000 Y=12600.000 Z=200.000) RuntimeGrid:None EditorOnly:0 RuntimeOnly:0 HLODRelevant:1 ListedInSceneOutliner:1 IsMainWorldOnly:0
 |   |   |- [+] [ 18]
 |   |   |   |- Guid:87B01D914D4E8B9CBF5A2082465D7F9D BaseClass: NativeClass:/Script/Landscape.LandscapeStreamingProxy Name:LandscapeStreamingProxy_3GHEM4CP7LW0QH7E50BK9ZQC3_126_0_1_0 Label:LandscapeStreamingProxy_0_1_0 SpatiallyLoaded:1 Bounds:IsValid=true, Min=(X=-25200.000 Y=-12600.000 Z=0.000), Max=(X=-12600.000 Y=0.000 Z=200.000) RuntimeGrid:None EditorOnly:0 RuntimeOnly:0 HLODRelevant:1 ListedInSceneOutliner:1 IsMainWorldOnly:0
 |   |   |- [+] [ 19]
 |   |   |   |- Guid:89436E4E49A8D0C53C23228214D8888B BaseClass: NativeClass:/Script/Landscape.LandscapeStreamingProxy Name:LandscapeStreamingProxy_3GHEM4CP7LW0QH7E50BK9ZQC3_126_2_2_0 Label:LandscapeStreamingProxy_2_2_0 SpatiallyLoaded:1 Bounds:IsValid=true, Min=(X=0.000 Y=0.000 Z=0.000), Max=(X=12600.000 Y=12600.000 Z=200.000) RuntimeGrid:None EditorOnly:0 RuntimeOnly:0 HLODRelevant:1 ListedInSceneOutliner:1 IsMainWorldOnly:0
 |   |   |- [+] [ 20]
 |   |   |   |- Guid:941D099642780DD837D98CA37DF56FC0 BaseClass: NativeClass:/Script/Engine.WorldPartitionHLOD Name:RTS_HLOD0_Instancing_000000005221749b Label:RTS_HLOD0_Instancing/RTS_MainGrid_L0_X1_Y0 SpatiallyLoaded:0 Bounds:IsValid=true, Min=(X=12800.000 Y=-12800.000 Z=0.000), Max=(X=38400.000 Y=12800.000 Z=200.000) RuntimeGrid:None EditorOnly:0 RuntimeOnly:1 HLODRelevant:1 ListedInSceneOutliner:1 IsMainWorldOnly:0 FolderPath:HLOD/RTS_HLOD0_Instancing FolderGuid:04EA235B401CAE6CD9862CBB246AB2A9
 |   |   |- [+] [ 21]
 |   |   |   |- Guid:962D6BE34E7839A2A94E65B8F6CE5D43 BaseClass: NativeClass:/Script/Engine.PlayerStart Name:PlayerStart_UAID_F02F74551BF5599B01_1153002503 Label:PlayerStart SpatiallyLoaded:0 Bounds:IsValid=true, Min=(X=-614.641 Y=25.359 Z=100.000), Max=(X=-505.359 Y=134.641 Z=284.000) RuntimeGrid:None EditorOnly:0 RuntimeOnly:0 HLODRelevant:0 ListedInSceneOutliner:1 IsMainWorldOnly:0
 |   |   |- [+] [ 22]
 |   |   |   |- Guid:A37A17FE4C33640C788B99806F18AA4E BaseClass: NativeClass:/Script/Landscape.LandscapeStreamingProxy Name:LandscapeStreamingProxy_3GHEM4CP7LW0QH7E50BK9ZQC3_126_1_1_0 Label:LandscapeStreamingProxy_1_1_0 SpatiallyLoaded:1 Bounds:IsValid=true, Min=(X=-12600.000 Y=-12600.000 Z=0.000), Max=(X=0.000 Y=0.000 Z=200.000) RuntimeGrid:None EditorOnly:0 RuntimeOnly:0 HLODRelevant:1 ListedInSceneOutliner:1 IsMainWorldOnly:0
 |   |   |- [+] [ 23]
 |   |   |   |- Guid:AAAC6B5742760A58C2206DB37E44683C BaseClass: NativeClass:/Script/Engine.DirectionalLight Name:DirectionalLight_UAID_A85E45CFE40401D200_1470382761 Label:DirectionalLight SpatiallyLoaded:0 Bounds:IsValid=true, Min=(X=-4398046511104.000 Y=-4398046511104.000 Z=-4398046511104.000), Max=(X=4398046511104.000 Y=4398046511104.000 Z=4398046511104.000) RuntimeGrid:None EditorOnly:0 RuntimeOnly:0 HLODRelevant:0 ListedInSceneOutliner:1 IsMainWorldOnly:0 FolderPath:Lighting FolderGuid:B7E9BD5B45A652654791988DEF54CCEB
 |   |   |- [+] [ 24]
 |   |   |   |- Guid:ACA4945144D5FE3F434953BE26324AA0 BaseClass: NativeClass:/Script/Landscape.LandscapeStreamingProxy Name:LandscapeStreamingProxy_3GHEM4CP7LW0QH7E50BK9ZQC3_126_1_0_0 Label:LandscapeStreamingProxy_1_0_0 SpatiallyLoaded:1 Bounds:IsValid=true, Min=(X=-12600.000 Y=-25200.000 Z=0.000), Max=(X=0.000 Y=-12600.000 Z=200.000) RuntimeGrid:None EditorOnly:0 RuntimeOnly:0 HLODRelevant:1 ListedInSceneOutliner:1 IsMainWorldOnly:0
 |   |   |- [+] [ 25]
 |   |   |   |- Guid:C11BEF324F38FE36767600831111A4DB BaseClass: NativeClass:/Script/Landscape.LandscapeStreamingProxy Name:LandscapeStreamingProxy_3GHEM4CP7LW0QH7E50BK9ZQC3_126_1_2_0 Label:LandscapeStreamingProxy_1_2_0 SpatiallyLoaded:1 Bounds:IsValid=true, Min=(X=-12600.000 Y=0.000 Z=0.000), Max=(X=0.000 Y=12600.000 Z=200.000) RuntimeGrid:None EditorOnly:0 RuntimeOnly:0 HLODRelevant:1 ListedInSceneOutliner:1 IsMainWorldOnly:0
 |   |   |- [+] [ 26]
 |   |   |   |- Guid:C3501EE74A6AEC0767CC85923DA13D50 BaseClass: NativeClass:/Script/Engine.WorldPartitionHLOD Name:RTS_HLOD0_Instancing_00000000a9429450 Label:RTS_HLOD0_Instancing/RTS_MainGrid_L0_X-1_Y0 SpatiallyLoaded:0 Bounds:IsValid=true, Min=(X=-38400.000 Y=-12800.000 Z=0.000), Max=(X=-12800.000 Y=12800.000 Z=200.000) RuntimeGrid:None EditorOnly:0 RuntimeOnly:1 HLODRelevant:1 ListedInSceneOutliner:1 IsMainWorldOnly:0 FolderPath:HLOD/RTS_HLOD0_Instancing FolderGuid:04EA235B401CAE6CD9862CBB246AB2A9
 |   |   |- [+] [ 27]
 |   |   |   |- Guid:D38DB4E543F8B648BC2632AECB00DFC1 BaseClass: NativeClass:/Script/Landscape.LandscapeStreamingProxy Name:LandscapeStreamingProxy_3GHEM4CP7LW0QH7E50BK9ZQC3_126_2_0_0 Label:LandscapeStreamingProxy_2_0_0 SpatiallyLoaded:1 Bounds:IsValid=true, Min=(X=0.000 Y=-25200.000 Z=0.000), Max=(X=12600.000 Y=-12600.000 Z=200.000) RuntimeGrid:None EditorOnly:0 RuntimeOnly:0 HLODRelevant:1 ListedInSceneOutliner:1 IsMainWorldOnly:0
 |   |   |- [+] [ 28]
 |   |   |   |- Guid:D3FB7383421AAEFD3DB6F8B1E415A9FE BaseClass: NativeClass:/Script/Engine.ExponentialHeightFog Name:ExponentialHeightFog_UAID_A85E45CFE40401D200_1470382763 Label:ExponentialHeightFog SpatiallyLoaded:0 Bounds:IsValid=true, Min=(X=-5600.000 Y=-50.000 Z=-6850.000), Max=(X=-5600.000 Y=-50.000 Z=-6850.000) RuntimeGrid:None EditorOnly:0 RuntimeOnly:0 HLODRelevant:0 ListedInSceneOutliner:1 IsMainWorldOnly:0 FolderPath:Lighting FolderGuid:B7E9BD5B45A652654791988DEF54CCEB
 |   |   |- [+] [ 29]
 |   |   |   |- Guid:D7D4C2224467FD2C73E2EEB83CE94093 BaseClass: NativeClass:/Script/Engine.WorldPartitionHLOD Name:RTS_HLOD0_Instancing_000000005f3f49b5 Label:RTS_HLOD0_Instancing/RTS_MainGrid_L0_X1_Y-1 SpatiallyLoaded:0 Bounds:IsValid=true, Min=(X=12800.000 Y=-38400.000 Z=0.000), Max=(X=38400.000 Y=-12800.000 Z=200.000) RuntimeGrid:None EditorOnly:0 RuntimeOnly:1 HLODRelevant:1 ListedInSceneOutliner:1 IsMainWorldOnly:0 FolderPath:HLOD/RTS_HLOD0_Instancing FolderGuid:04EA235B401CAE6CD9862CBB246AB2A9
 |   |   |- [+] [ 30]
 |   |   |   |- Guid:DCF69E694A0AABF1FCEC95A25D87B32F BaseClass: NativeClass:/Script/Landscape.LandscapeStreamingProxy Name:LandscapeStreamingProxy_3GHEM4CP7LW0QH7E50BK9ZQC3_126_2_3_0 Label:LandscapeStreamingProxy_2_3_0 SpatiallyLoaded:1 Bounds:IsValid=true, Min=(X=0.000 Y=12600.000 Z=0.000), Max=(X=12600.000 Y=25200.000 Z=200.000) RuntimeGrid:None EditorOnly:0 RuntimeOnly:0 HLODRelevant:1 ListedInSceneOutliner:1 IsMainWorldOnly:0
 |   |   |- [+] [ 31]
 |   |   |   |- Guid:E64F843842531F020932709687D96533 BaseClass: NativeClass:/Script/Landscape.LandscapeStreamingProxy Name:LandscapeStreamingProxy_3GHEM4CP7LW0QH7E50BK9ZQC3_126_0_3_0 Label:LandscapeStreamingProxy_0_3_0 SpatiallyLoaded:1 Bounds:IsValid=true, Min=(X=-25200.000 Y=12600.000 Z=0.000), Max=(X=-12600.000 Y=25200.000 Z=200.000) RuntimeGrid:None EditorOnly:0 RuntimeOnly:0 HLODRelevant:1 ListedInSceneOutliner:1 IsMainWorldOnly:0
 |   |   |- [+] [ 32]
 |   |   |   |- Guid:E7C0C8204D3A8DA1499B6EA0133543C4 BaseClass: NativeClass:/Script/Engine.WorldPartitionHLOD Name:RTS_HLOD0_Instancing_00000000621dff51 Label:RTS_HLOD0_Instancing/RTS_MainGrid_L0_X-1_Y1 SpatiallyLoaded:0 Bounds:IsValid=true, Min=(X=-38400.000 Y=12800.000 Z=0.000), Max=(X=-12800.000 Y=38400.000 Z=200.000) RuntimeGrid:None EditorOnly:0 RuntimeOnly:1 HLODRelevant:1 ListedInSceneOutliner:1 IsMainWorldOnly:0 FolderPath:HLOD/RTS_HLOD0_Instancing FolderGuid:04EA235B401CAE6CD9862CBB246AB2A9
 |   |   |- [+] [ 33]
 |   |   |   |- Guid:E9265EE148A6A64EE6E45B8CDD481A3B BaseClass:/Game/RTS/Building_types/BP_TheMainBuilding.BP_TheMainBuilding_C NativeClass:/Script/Engine.Actor Name:BP_TheMainBuilding_C_UAID_1C1B0D911DF4A0EA01_1783655423 Label:BP_TheMainBuilding SpatiallyLoaded:1 Bounds:IsValid=true, Min=(X=-190.000 Y=-20.000 Z=100.000), Max=(X=-90.000 Y=80.000 Z=200.000) RuntimeGrid:None EditorOnly:0 RuntimeOnly:0 HLODRelevant:0 ListedInSceneOutliner:1 IsMainWorldOnly:0
 |   |   |- [+] [ 34]
 |   |   |   |- Guid:EF338325468CC3C5069AA8B3490B984B BaseClass: NativeClass:/Script/Landscape.LandscapeStreamingProxy Name:LandscapeStreamingProxy_3GHEM4CP7LW0QH7E50BK9ZQC3_126_3_1_0 Label:LandscapeStreamingProxy_3_1_0 SpatiallyLoaded:1 Bounds:IsValid=true, Min=(X=12600.000 Y=-12600.000 Z=0.000), Max=(X=25200.000 Y=0.000 Z=200.000) RuntimeGrid:None EditorOnly:0 RuntimeOnly:0 HLODRelevant:1 ListedInSceneOutliner:1 IsMainWorldOnly:0
 |- ContainerInstances:
 |- [+] MainContainer:
 |   |-        ID: 00000000000000000000000000000000
 |   |-  ParentID: 00000000000000000000000000000000
 |   |-    Bounds: IsValid=true, Min=(X=-25200.000 Y=-25200.000 Z=0.000), Max=(X=25200.000 Y=25200.000 Z=200.000)
 |   |- Transform: 0.000000,0.000000,0.000000|0.000000,0.000000,-0.000000|1.000000,1.000000,1.000000
 |   |- Container: /Game/RTS/Maps/RTS
----------------------------------------------------------------------------------------------------------------
RTS - Persistent Level
----------------------------------------------------------------------------------------------------------------
[+] Content of RTS Persistent Level
 |- Always loaded Actor Count: 41 
 |- Actor Path: /Game/RTS/Maps/RTS.RTS:PersistentLevel.AbstractNavData-Default
 |- Actor Package: /Game/RTS/Maps/RTS
 |- Actor Path: /Game/RTS/Maps/RTS.RTS:PersistentLevel.BP_TheMainBuilding_C_UAID_1C1B0D911DF4A0EA01_1783655423
 |- Actor Package: /Game/__ExternalActors__/RTS/Maps/RTS/A/N6/IN1D31J6D4CR789PSMQGQR
 |- Actor Path: /Game/RTS/Maps/RTS.RTS:PersistentLevel.Brush_0
 |- Actor Package: /Game/RTS/Maps/RTS
 |- Actor Path: /Game/RTS/Maps/RTS.RTS:PersistentLevel.DefaultPhysicsVolume_0
 |- Actor Package: /Game/RTS/Maps/RTS
 |- Actor Path: /Game/RTS/Maps/RTS.RTS:PersistentLevel.DirectionalLight_UAID_A85E45CFE40401D200_1470382761
 |- Actor Package: /Game/__ExternalActors__/RTS/Maps/RTS/A/PB/N11QPEADJ25JP1JP4BECDH
 |- Actor Path: /Game/RTS/Maps/RTS.RTS:PersistentLevel.ExponentialHeightFog_UAID_A85E45CFE40401D200_1470382763
 |- Actor Package: /Game/__ExternalActors__/RTS/Maps/RTS/9/KB/EF6CSFJI6A8TD4NK7M2ZWU
 |- Actor Path: /Game/RTS/Maps/RTS.RTS:PersistentLevel.GameplayDebuggerPlayerManager_0
 |- Actor Package: /Game/RTS/Maps/RTS
 |- Actor Path: /Game/RTS/Maps/RTS.RTS:PersistentLevel.Landscape_UAID_1C1B0D911DF418D201_1800950144
 |- Actor Package: /Game/__ExternalActors__/RTS/Maps/RTS/1/ZI/OBQ2WPDKO30LF38AEVC7DE
 |- Actor Path: /Game/RTS/Maps/RTS.RTS:PersistentLevel.LandscapeStreamingProxy_3GHEM4CP7LW0QH7E50BK9ZQC3_126_0_0_0
 |- Actor Package: /Game/__ExternalActors__/RTS/Maps/RTS/1/KH/YIY231RMTVH081VY7QB51X
 |- Actor Path: /Game/RTS/Maps/RTS.RTS:PersistentLevel.LandscapeStreamingProxy_3GHEM4CP7LW0QH7E50BK9ZQC3_126_0_1_0
 |- Actor Package: /Game/__ExternalActors__/RTS/Maps/RTS/E/6D/O2QHQFDG5V8WCF1FAR1YH7
 |- Actor Path: /Game/RTS/Maps/RTS.RTS:PersistentLevel.LandscapeStreamingProxy_3GHEM4CP7LW0QH7E50BK9ZQC3_126_0_2_0
 |- Actor Package: /Game/__ExternalActors__/RTS/Maps/RTS/6/MF/EV9TUBC1SMMYFVJGHR7JE5
 |- Actor Path: /Game/RTS/Maps/RTS.RTS:PersistentLevel.LandscapeStreamingProxy_3GHEM4CP7LW0QH7E50BK9ZQC3_126_0_3_0
 |- Actor Package: /Game/__ExternalActors__/RTS/Maps/RTS/5/I5/H4W62JDSCAVTO4E2F1P737
 |- Actor Path: /Game/RTS/Maps/RTS.RTS:PersistentLevel.LandscapeStreamingProxy_3GHEM4CP7LW0QH7E50BK9ZQC3_126_1_0_0
 |- Actor Package: /Game/__ExternalActors__/RTS/Maps/RTS/A/XU/90M42A243E1X3J9SSAPTJV
 |- Actor Path: /Game/RTS/Maps/RTS.RTS:PersistentLevel.LandscapeStreamingProxy_3GHEM4CP7LW0QH7E50BK9ZQC3_126_1_1_0
 |- Actor Package: /Game/__ExternalActors__/RTS/Maps/RTS/0/0P/7IA05PB4UZURNBPJFA6FYY
 |- Actor Path: /Game/RTS/Maps/RTS.RTS:PersistentLevel.LandscapeStreamingProxy_3GHEM4CP7LW0QH7E50BK9ZQC3_126_1_2_0
 |- Actor Package: /Game/__ExternalActors__/RTS/Maps/RTS/6/RT/TPY18B3HVZDKUCVC2GUXMS
 |- Actor Path: /Game/RTS/Maps/RTS.RTS:PersistentLevel.LandscapeStreamingProxy_3GHEM4CP7LW0QH7E50BK9ZQC3_126_1_3_0
 |- Actor Package: /Game/__ExternalActors__/RTS/Maps/RTS/A/AX/YWWMB7SJE2ZMCQ4MZS4T2Q
 |- Actor Path: /Game/RTS/Maps/RTS.RTS:PersistentLevel.LandscapeStreamingProxy_3GHEM4CP7LW0QH7E50BK9ZQC3_126_2_0_0
 |- Actor Package: /Game/__ExternalActors__/RTS/Maps/RTS/5/FS/JEKZRMDSVHP6ISF9DVVAP8
 |- Actor Path: /Game/RTS/Maps/RTS.RTS:PersistentLevel.LandscapeStreamingProxy_3GHEM4CP7LW0QH7E50BK9ZQC3_126_2_1_0
 |- Actor Package: /Game/__ExternalActors__/RTS/Maps/RTS/0/HK/HPQLJT9KBZAPLYN3ZH746R
 |- Actor Path: /Game/RTS/Maps/RTS.RTS:PersistentLevel.LandscapeStreamingProxy_3GHEM4CP7LW0QH7E50BK9ZQC3_126_2_2_0
 |- Actor Package: /Game/__ExternalActors__/RTS/Maps/RTS/3/O8/BTUF6KZ9ED2GOKG7B09SVV
 |- Actor Path: /Game/RTS/Maps/RTS.RTS:PersistentLevel.LandscapeStreamingProxy_3GHEM4CP7LW0QH7E50BK9ZQC3_126_2_3_0
 |- Actor Package: /Game/__ExternalActors__/RTS/Maps/RTS/A/WD/RONVOMPKA85ZCGQBPFCSNF
 |- Actor Path: /Game/RTS/Maps/RTS.RTS:PersistentLevel.LandscapeStreamingProxy_3GHEM4CP7LW0QH7E50BK9ZQC3_126_3_0_0
 |- Actor Package: /Game/__ExternalActors__/RTS/Maps/RTS/6/G0/FJ5PBIMQUKE0T1EAI56NLK
 |- Actor Path: /Game/RTS/Maps/RTS.RTS:PersistentLevel.LandscapeStreamingProxy_3GHEM4CP7LW0QH7E50BK9ZQC3_126_3_1_0
 |- Actor Package: /Game/__ExternalActors__/RTS/Maps/RTS/9/3E/7LQG6GVF3BK9OAVR3NZ5VV
 |- Actor Path: /Game/RTS/Maps/RTS.RTS:PersistentLevel.LandscapeStreamingProxy_3GHEM4CP7LW0QH7E50BK9ZQC3_126_3_2_0
 |- Actor Package: /Game/__ExternalActors__/RTS/Maps/RTS/A/EL/MU209UXPYAFJMDER3LG1QN
 |- Actor Path: /Game/RTS/Maps/RTS.RTS:PersistentLevel.LandscapeStreamingProxy_3GHEM4CP7LW0QH7E50BK9ZQC3_126_3_3_0
 |- Actor Package: /Game/__ExternalActors__/RTS/Maps/RTS/A/4I/7OH4Y8SN2AM8QKEVRGGJAU
 |- Actor Path: /Game/RTS/Maps/RTS.RTS:PersistentLevel.PlayerStart_UAID_F02F74551BF5599B01_1153002503
 |- Actor Package: /Game/__ExternalActors__/RTS/Maps/RTS/0/TI/DL1D5S7EEPSUFTBMK0I9J6
 |- Actor Path: /Game/RTS/Maps/RTS.RTS:PersistentLevel.RTS_HLOD0_Instancing_00000000229d72ff
 |- Actor Package: /Game/__ExternalActors__/RTS/Maps/RTS/8/NT/Q3OEDRZMAQ4MHCK6M5G4Q5
 |- Actor Path: /Game/RTS/Maps/RTS.RTS:PersistentLevel.RTS_HLOD0_Instancing_0000000032cd1bbc
 |- Actor Package: /Game/__ExternalActors__/RTS/Maps/RTS/1/36/LUJBO689L24PD24T5T7266
 |- Actor Path: /Game/RTS/Maps/RTS.RTS:PersistentLevel.RTS_HLOD0_Instancing_000000005221749b
 |- Actor Package: /Game/__ExternalActors__/RTS/Maps/RTS/9/XE/WQ0YNXC7DUYR4ZMGJMBBGD
 |- Actor Path: /Game/RTS/Maps/RTS.RTS:PersistentLevel.RTS_HLOD0_Instancing_000000005f3f49b5
 |- Actor Package: /Game/__ExternalActors__/RTS/Maps/RTS/3/96/GTU6FUB2V36HPRJ49D0FF7
 |- Actor Path: /Game/RTS/Maps/RTS.RTS:PersistentLevel.RTS_HLOD0_Instancing_00000000621dff51
 |- Actor Package: /Game/__ExternalActors__/RTS/Maps/RTS/D/2C/PGDVSHQAFN8IKZJ5VEPM8A
 |- Actor Path: /Game/RTS/Maps/RTS.RTS:PersistentLevel.RTS_HLOD0_Instancing_0000000080da0458
 |- Actor Package: /Game/__ExternalActors__/RTS/Maps/RTS/3/X4/L75NNHT3MF1DAD7MZU9FCO
 |- Actor Path: /Game/RTS/Maps/RTS.RTS:PersistentLevel.RTS_HLOD0_Instancing_000000008e52f0e6
 |- Actor Package: /Game/__ExternalActors__/RTS/Maps/RTS/8/ML/CHGZVTSY50EQGX7S9B2IF2
 |- Actor Path: /Game/RTS/Maps/RTS.RTS:PersistentLevel.RTS_HLOD0_Instancing_00000000950956fe
 |- Actor Package: /Game/__ExternalActors__/RTS/Maps/RTS/1/JK/I71OH65TLZDC1YT8Q2Z4JE
 |- Actor Path: /Game/RTS/Maps/RTS.RTS:PersistentLevel.RTS_HLOD0_Instancing_00000000a9429450
 |- Actor Package: /Game/__ExternalActors__/RTS/Maps/RTS/4/QR/G2R8JGMWXV53H6UAHAGM9Y
 |- Actor Path: /Game/RTS/Maps/RTS.RTS:PersistentLevel.SkyAtmosphere_UAID_A85E45CFE40401D200_1470382762
 |- Actor Package: /Game/__ExternalActors__/RTS/Maps/RTS/B/T9/LKQX3LKKZ0OVQS2IUHVUWN
 |- Actor Path: /Game/RTS/Maps/RTS.RTS:PersistentLevel.SkyLight_UAID_A85E45CFE40401D200_1470380759
 |- Actor Package: /Game/__ExternalActors__/RTS/Maps/RTS/6/B3/TW4T7P5U47M0IFEXVD62UA
 |- Actor Path: /Game/RTS/Maps/RTS.RTS:PersistentLevel.StaticMeshActor_UAID_A4AE111137DC54FB00_1240666663
 |- Actor Package: /Game/__ExternalActors__/RTS/Maps/RTS/C/SM/PGO4K9DFI4X94MJOU0TBMF
 |- Actor Path: /Game/RTS/Maps/RTS.RTS:PersistentLevel.VolumetricCloud_UAID_A85E45CFE40401D200_1470381760
 |- Actor Package: /Game/__ExternalActors__/RTS/Maps/RTS/B/QQ/0ZKNAJYT80QXQFQI9TMOUK
 |- Actor Path: /Game/RTS/Maps/RTS.RTS:PersistentLevel.WorldDataLayers
 |- Actor Package: /Game/__ExternalActors__/RTS/Maps/RTS/6/LZ/81IZ0WUTSBOYRTWSW5ES0X
 |- Actor Path: /Game/RTS/Maps/RTS.RTS:PersistentLevel.WorldPartitionMiniMap_UAID_3497F631D5890DD300_1296925927
 |- Actor Package: /Game/__ExternalActors__/RTS/Maps/RTS/B/KX/7YHYY7SSWUP26AJ98JAVHM
 |- Actor Path: /Game/RTS/Maps/RTS.RTS:PersistentLevel.WorldSettings
 |- Actor Package: /Game/RTS/Maps/RTS

----------------------------------------------------------------------------------------------------------------
RTS - Runtime Spatial Hash - Streaming Grid - MainGrid
----------------------------------------------------------------------------------------------------------------
            Origin: X=0.000 Y=0.000 Z=0.000
         Cell Size: 25600
      World Bounds: IsValid=true, Min=(X=-25200.000 Y=-25200.000 Z=0.000), Max=(X=25200.000 Y=25200.000 Z=200.000)
     Loading Range: 76800.00
Block Slow Loading: No
 ClientOnlyVisible: No
            Origin: X=0.000 Y=0.000 Z=0.000

[+] Grid Levels: 2
 |- Level  0: Cell Count    9 | Cell Size   25600 | Actor Count   17 (100.0%)
 |- Level  1: Cell Count    0 | Cell Size   51200 | Actor Count    0 (0.0%)

[+] Content of Grid Level 0
 |- [+] Content of Cell RTS_MainGrid_L0_X-1_Y-1 (02HJCIR52D8156OR1D1YSR6N6)
 |   |- Actor Count: 1
 |   |-          Actor Path: /Game/RTS/Maps/RTS.RTS:PersistentLevel.LandscapeStreamingProxy_3GHEM4CP7LW0QH7E50BK9ZQC3_126_0_0_0
 |   |-       Actor Package: /Game/__ExternalActors__/RTS/Maps/RTS/1/KH/YIY231RMTVH081VY7QB51X
 |   |- Actor Instance Guid: 6E93DC834DD12D035D544DA1197B8805
 |- [+] Content of Cell RTS_MainGrid_L0_X1_Y1 (0CSZQPQI9MF9NIA7RYNU7DK9H)
 |   |- Actor Count: 1
 |   |-          Actor Path: /Game/RTS/Maps/RTS.RTS:PersistentLevel.LandscapeStreamingProxy_3GHEM4CP7LW0QH7E50BK9ZQC3_126_3_3_0
 |   |-       Actor Package: /Game/__ExternalActors__/RTS/Maps/RTS/A/4I/7OH4Y8SN2AM8QKEVRGGJAU
 |   |- Actor Instance Guid: 3E11E62F4C2501CA3C5F36B847C51DDF
 |- [+] Content of Cell RTS_MainGrid_L0_X0_Y1 (0N0DUJP4GMIMAWODVY5FJMS8E)
 |   |- Actor Count: 2
 |   |-          Actor Path: /Game/RTS/Maps/RTS.RTS:PersistentLevel.LandscapeStreamingProxy_3GHEM4CP7LW0QH7E50BK9ZQC3_126_1_3_0
 |   |-       Actor Package: /Game/__ExternalActors__/RTS/Maps/RTS/A/AX/YWWMB7SJE2ZMCQ4MZS4T2Q
 |   |- Actor Instance Guid: 17E594DD40D8A599CC7B31BC8BD03832
 |   |-          Actor Path: /Game/RTS/Maps/RTS.RTS:PersistentLevel.LandscapeStreamingProxy_3GHEM4CP7LW0QH7E50BK9ZQC3_126_2_3_0
 |   |-       Actor Package: /Game/__ExternalActors__/RTS/Maps/RTS/A/WD/RONVOMPKA85ZCGQBPFCSNF
 |   |- Actor Instance Guid: DCF69E694A0AABF1FCEC95A25D87B32F
 |- [+] Content of Cell RTS_MainGrid_L0_X1_Y-1 (0ZB091JVGZ0W6LYOEBQ7V1CFN)
 |   |- Actor Count: 1
 |   |-          Actor Path: /Game/RTS/Maps/RTS.RTS:PersistentLevel.LandscapeStreamingProxy_3GHEM4CP7LW0QH7E50BK9ZQC3_126_3_0_0
 |   |-       Actor Package: /Game/__ExternalActors__/RTS/Maps/RTS/6/G0/FJ5PBIMQUKE0T1EAI56NLK
 |   |- Actor Instance Guid: 41DEAA734CC7AA0BD72D6AABDDAA8A5A
 |- [+] Content of Cell RTS_MainGrid_L0_X0_Y0 (2OZWTSDN6QIVAZHIXHVEWCA8D)
 |   |- Actor Count: 5
 |   |-          Actor Path: /Game/RTS/Maps/RTS.RTS:PersistentLevel.LandscapeStreamingProxy_3GHEM4CP7LW0QH7E50BK9ZQC3_126_2_1_0
 |   |-       Actor Package: /Game/__ExternalActors__/RTS/Maps/RTS/0/HK/HPQLJT9KBZAPLYN3ZH746R
 |   |- Actor Instance Guid: 774A0B51448A1D64CBFCC09AAD7B8E0D
 |   |-          Actor Path: /Game/RTS/Maps/RTS.RTS:PersistentLevel.LandscapeStreamingProxy_3GHEM4CP7LW0QH7E50BK9ZQC3_126_2_2_0
 |   |-       Actor Package: /Game/__ExternalActors__/RTS/Maps/RTS/3/O8/BTUF6KZ9ED2GOKG7B09SVV
 |   |- Actor Instance Guid: 89436E4E49A8D0C53C23228214D8888B
 |   |-          Actor Path: /Game/RTS/Maps/RTS.RTS:PersistentLevel.LandscapeStreamingProxy_3GHEM4CP7LW0QH7E50BK9ZQC3_126_1_1_0
 |   |-       Actor Package: /Game/__ExternalActors__/RTS/Maps/RTS/0/0P/7IA05PB4UZURNBPJFA6FYY
 |   |- Actor Instance Guid: A37A17FE4C33640C788B99806F18AA4E
 |   |-          Actor Path: /Game/RTS/Maps/RTS.RTS:PersistentLevel.LandscapeStreamingProxy_3GHEM4CP7LW0QH7E50BK9ZQC3_126_1_2_0
 |   |-       Actor Package: /Game/__ExternalActors__/RTS/Maps/RTS/6/RT/TPY18B3HVZDKUCVC2GUXMS
 |   |- Actor Instance Guid: C11BEF324F38FE36767600831111A4DB
 |   |-          Actor Path: /Game/RTS/Maps/RTS.RTS:PersistentLevel.BP_TheMainBuilding_C_UAID_1C1B0D911DF4A0EA01_1783655423
 |   |-       Actor Package: /Game/__ExternalActors__/RTS/Maps/RTS/A/N6/IN1D31J6D4CR789PSMQGQR
 |   |- Actor Instance Guid: E9265EE148A6A64EE6E45B8CDD481A3B
 |- [+] Content of Cell RTS_MainGrid_L0_X-1_Y0 (4ZEPAZY4LUXXAY0HLE13BM1L3)
 |   |- Actor Count: 2
 |   |-          Actor Path: /Game/RTS/Maps/RTS.RTS:PersistentLevel.LandscapeStreamingProxy_3GHEM4CP7LW0QH7E50BK9ZQC3_126_0_2_0
 |   |-       Actor Package: /Game/__ExternalActors__/RTS/Maps/RTS/6/MF/EV9TUBC1SMMYFVJGHR7JE5
 |   |- Actor Instance Guid: 23C9F5E54262DFAF365322A18A5E2AE1
 |   |-          Actor Path: /Game/RTS/Maps/RTS.RTS:PersistentLevel.LandscapeStreamingProxy_3GHEM4CP7LW0QH7E50BK9ZQC3_126_0_1_0
 |   |-       Actor Package: /Game/__ExternalActors__/RTS/Maps/RTS/E/6D/O2QHQFDG5V8WCF1FAR1YH7
 |   |- Actor Instance Guid: 87B01D914D4E8B9CBF5A2082465D7F9D
 |- [+] Content of Cell RTS_MainGrid_L0_X0_Y-1 (5DS52KNQCY5OL9OP9S0754DRH)
 |   |- Actor Count: 2
 |   |-          Actor Path: /Game/RTS/Maps/RTS.RTS:PersistentLevel.LandscapeStreamingProxy_3GHEM4CP7LW0QH7E50BK9ZQC3_126_1_0_0
 |   |-       Actor Package: /Game/__ExternalActors__/RTS/Maps/RTS/A/XU/90M42A243E1X3J9SSAPTJV
 |   |- Actor Instance Guid: ACA4945144D5FE3F434953BE26324AA0
 |   |-          Actor Path: /Game/RTS/Maps/RTS.RTS:PersistentLevel.LandscapeStreamingProxy_3GHEM4CP7LW0QH7E50BK9ZQC3_126_2_0_0
 |   |-       Actor Package: /Game/__ExternalActors__/RTS/Maps/RTS/5/FS/JEKZRMDSVHP6ISF9DVVAP8
 |   |- Actor Instance Guid: D38DB4E543F8B648BC2632AECB00DFC1
 |- [+] Content of Cell RTS_MainGrid_L0_X-1_Y1 (8FEAIGGVKM2IGL2QS9Y7VSBVR)
 |   |- Actor Count: 1
 |   |-          Actor Path: /Game/RTS/Maps/RTS.RTS:PersistentLevel.LandscapeStreamingProxy_3GHEM4CP7LW0QH7E50BK9ZQC3_126_0_3_0
 |   |-       Actor Package: /Game/__ExternalActors__/RTS/Maps/RTS/5/I5/H4W62JDSCAVTO4E2F1P737
 |   |- Actor Instance Guid: E64F843842531F020932709687D96533
 |- [+] Content of Cell RTS_MainGrid_L0_X1_Y0 (EYS71LD18D32RLF2C28MEK7WL)
 |   |- Actor Count: 2
 |   |-          Actor Path: /Game/RTS/Maps/RTS.RTS:PersistentLevel.LandscapeStreamingProxy_3GHEM4CP7LW0QH7E50BK9ZQC3_126_3_2_0
 |   |-       Actor Package: /Game/__ExternalActors__/RTS/Maps/RTS/A/EL/MU209UXPYAFJMDER3LG1QN
 |   |- Actor Instance Guid: 825444AE40AC771C47E364BCDA330AF6
 |   |-          Actor Path: /Game/RTS/Maps/RTS.RTS:PersistentLevel.LandscapeStreamingProxy_3GHEM4CP7LW0QH7E50BK9ZQC3_126_3_1_0
 |   |-       Actor Package: /Game/__ExternalActors__/RTS/Maps/RTS/9/3E/7LQG6GVF3BK9OAVR3NZ5VV
 |   |- Actor Instance Guid: EF338325468CC3C5069AA8B3490B984B
[+] Content of Grid Level 1

