[+] Containers:
 |- [+] Container: /Game/RTS/Maps/RTS
 |   |- [+] ActorDescs:
 |   |   |- Guid:1514F83640AD0FD68B7E61B19634C945 BaseClass: NativeClass:/Script/Landscape.LandscapeStreamingProxy Name:LandscapeStreamingProxy_9H07GY2ZHBYR3BW0Y04NZQD9R_126_1_0_0 Label:LandscapeStreamingProxy_1_0_0 SpatiallyLoaded:1 Bounds:IsValid=true, Min=(X=-13030.000 Y=-25710.000 Z=0.000), Max=(X=-430.000 Y=-13110.000 Z=200.000) RuntimeGrid:None EditorOnly:0 RuntimeOnly:0 HLODRelevant:1 ListedInSceneOutliner:1 IsMainWorldOnly:0
 |   |   |- Guid:173B31AB423D457CEA9565AEE9BF732B BaseClass: NativeClass:/Script/Landscape.LandscapeStreamingProxy Name:LandscapeStreamingProxy_9H07GY2ZHBYR3BW0Y04NZQD9R_126_0_3_0 Label:LandscapeStreamingProxy_0_3_0 SpatiallyLoaded:1 Bounds:IsValid=true, Min=(X=-25630.000 Y=12090.000 Z=0.000), Max=(X=-13030.000 Y=24690.000 Z=200.000) RuntimeGrid:None EditorOnly:0 RuntimeOnly:0 HLODRelevant:1 ListedInSceneOutliner:1 IsMainWorldOnly:0
 |   |   |- Guid:1748BA1F4274AC3BA5C022972FF66A29 BaseClass: NativeClass:/Script/Engine.SkyAtmosphere Name:SkyAtmosphere_UAID_1C1B0D911DF416D201_1395940794 Label:SkyAtmosphere SpatiallyLoaded:0 Bounds:IsValid=true, Min=(X=0.000 Y=0.000 Z=0.000), Max=(X=0.000 Y=0.000 Z=0.000) RuntimeGrid:None EditorOnly:0 RuntimeOnly:0 HLODRelevant:0 ListedInSceneOutliner:1 IsMainWorldOnly:0 FolderPath:NewFolder1 FolderGuid:2618AC6647C4C589B7BF759C3C49BCF7
 |   |   |- Guid:1D49051546270824E54A4E8123A7508E BaseClass: NativeClass:/Script/Landscape.LandscapeStreamingProxy Name:LandscapeStreamingProxy_9H07GY2ZHBYR3BW0Y04NZQD9R_126_3_3_0 Label:LandscapeStreamingProxy_3_3_0 SpatiallyLoaded:1 Bounds:IsValid=true, Min=(X=12170.000 Y=12090.000 Z=0.000), Max=(X=24770.000 Y=24690.000 Z=200.000) RuntimeGrid:None EditorOnly:0 RuntimeOnly:0 HLODRelevant:1 ListedInSceneOutliner:1 IsMainWorldOnly:0
 |   |   |- Guid:54EBD5BA4A19B185BA95B7843A91E79E BaseClass: NativeClass:/Script/Engine.SkyLight Name:SkyLight_UAID_1C1B0D911DF416D201_1392657793 Label:SkyLight SpatiallyLoaded:0 Bounds:IsValid=true, Min=(X=0.000 Y=0.000 Z=0.000), Max=(X=0.000 Y=0.000 Z=0.000) RuntimeGrid:None EditorOnly:0 RuntimeOnly:0 HLODRelevant:0 ListedInSceneOutliner:1 IsMainWorldOnly:0 FolderPath:NewFolder1 FolderGuid:2618AC6647C4C589B7BF759C3C49BCF7
 |   |   |- Guid:57E56A50461407AB54EB96BCA1273B08 BaseClass: NativeClass:/Script/Engine.VolumetricCloud Name:VolumetricCloud_UAID_1C1B0D911DF416D201_1398970797 Label:VolumetricCloud SpatiallyLoaded:0 Bounds:IsValid=true, Min=(X=0.000 Y=0.000 Z=0.000), Max=(X=0.000 Y=0.000 Z=0.000) RuntimeGrid:None EditorOnly:0 RuntimeOnly:0 HLODRelevant:0 ListedInSceneOutliner:1 IsMainWorldOnly:0 FolderPath:NewFolder1 FolderGuid:2618AC6647C4C589B7BF759C3C49BCF7
 |   |   |- Guid:7F8A6615471E63AFB7D5379E5CAA1FC0 BaseClass: NativeClass:/Script/Landscape.LandscapeStreamingProxy Name:LandscapeStreamingProxy_9H07GY2ZHBYR3BW0Y04NZQD9R_126_3_0_0 Label:LandscapeStreamingProxy_3_0_0 SpatiallyLoaded:1 Bounds:IsValid=true, Min=(X=12170.000 Y=-25710.000 Z=0.000), Max=(X=24770.000 Y=-13110.000 Z=200.000) RuntimeGrid:None EditorOnly:0 RuntimeOnly:0 HLODRelevant:1 ListedInSceneOutliner:1 IsMainWorldOnly:0
 |   |   |- Guid:8797CD5B4D92AF65A472DAA6AED70AF9 BaseClass: NativeClass:/Script/Landscape.LandscapeStreamingProxy Name:LandscapeStreamingProxy_9H07GY2ZHBYR3BW0Y04NZQD9R_126_3_2_0 Label:LandscapeStreamingProxy_3_2_0 SpatiallyLoaded:1 Bounds:IsValid=true, Min=(X=12170.000 Y=-510.000 Z=0.000), Max=(X=24770.000 Y=12090.000 Z=200.000) RuntimeGrid:None EditorOnly:0 RuntimeOnly:0 HLODRelevant:1 ListedInSceneOutliner:1 IsMainWorldOnly:0
 |   |   |- Guid:8DDEE9534F016475B7D90993A5E0E130 BaseClass: NativeClass:/Script/Landscape.LandscapeStreamingProxy Name:LandscapeStreamingProxy_9H07GY2ZHBYR3BW0Y04NZQD9R_126_1_3_0 Label:LandscapeStreamingProxy_1_3_0 SpatiallyLoaded:1 Bounds:IsValid=true, Min=(X=-13030.000 Y=12090.000 Z=0.000), Max=(X=-430.000 Y=24690.000 Z=200.000) RuntimeGrid:None EditorOnly:0 RuntimeOnly:0 HLODRelevant:1 ListedInSceneOutliner:1 IsMainWorldOnly:0
 |   |   |- Guid:96C5413E40BFE0A30FF5F6892C51E637 BaseClass: NativeClass:/Script/Landscape.LandscapeStreamingProxy Name:LandscapeStreamingProxy_9H07GY2ZHBYR3BW0Y04NZQD9R_126_0_2_0 Label:LandscapeStreamingProxy_0_2_0 SpatiallyLoaded:1 Bounds:IsValid=true, Min=(X=-25630.000 Y=-510.000 Z=0.000), Max=(X=-13030.000 Y=12090.000 Z=200.000) RuntimeGrid:None EditorOnly:0 RuntimeOnly:0 HLODRelevant:1 ListedInSceneOutliner:1 IsMainWorldOnly:0
 |   |   |- Guid:9DE80B0E4BD34EC036FCB1A51BE64DE3 BaseClass: NativeClass:/Script/Engine.WorldDataLayers Name:WorldDataLayers Label:WorldDataLayers SpatiallyLoaded:0 Bounds:Invalid RuntimeGrid:None EditorOnly:0 RuntimeOnly:0 HLODRelevant:0 ListedInSceneOutliner:1 IsMainWorldOnly:1
 |   |   |- Guid:A76464B4418BEE60F7827ABE16D81BF9 BaseClass: NativeClass:/Script/Landscape.LandscapeStreamingProxy Name:LandscapeStreamingProxy_9H07GY2ZHBYR3BW0Y04NZQD9R_126_1_1_0 Label:LandscapeStreamingProxy_1_1_0 SpatiallyLoaded:1 Bounds:IsValid=true, Min=(X=-13030.000 Y=-13110.000 Z=0.000), Max=(X=-430.000 Y=-510.000 Z=200.000) RuntimeGrid:None EditorOnly:0 RuntimeOnly:0 HLODRelevant:1 ListedInSceneOutliner:1 IsMainWorldOnly:0
 |   |   |- Guid:A983EDFB4E818C6673DDDFABF9FD43D3 BaseClass: NativeClass:/Script/Landscape.LandscapeStreamingProxy Name:LandscapeStreamingProxy_9H07GY2ZHBYR3BW0Y04NZQD9R_126_0_0_0 Label:LandscapeStreamingProxy_0_0_0 SpatiallyLoaded:1 Bounds:IsValid=true, Min=(X=-25630.000 Y=-25710.000 Z=0.000), Max=(X=-13030.000 Y=-13110.000 Z=200.000) RuntimeGrid:None EditorOnly:0 RuntimeOnly:0 HLODRelevant:1 ListedInSceneOutliner:1 IsMainWorldOnly:0
 |   |   |- Guid:B44176DD4218EC1A1E66969830C8F254 BaseClass: NativeClass:/Script/Landscape.LandscapeStreamingProxy Name:LandscapeStreamingProxy_9H07GY2ZHBYR3BW0Y04NZQD9R_126_2_3_0 Label:LandscapeStreamingProxy_2_3_0 SpatiallyLoaded:1 Bounds:IsValid=true, Min=(X=-430.000 Y=12090.000 Z=0.000), Max=(X=12170.000 Y=24690.000 Z=200.000) RuntimeGrid:None EditorOnly:0 RuntimeOnly:0 HLODRelevant:1 ListedInSceneOutliner:1 IsMainWorldOnly:0
 |   |   |- Guid:BA92E9AF4849CEE96EA9B5BA09A7B3E4 BaseClass: NativeClass:/Script/Landscape.LandscapeStreamingProxy Name:LandscapeStreamingProxy_9H07GY2ZHBYR3BW0Y04NZQD9R_126_2_1_0 Label:LandscapeStreamingProxy_2_1_0 SpatiallyLoaded:1 Bounds:IsValid=true, Min=(X=-430.000 Y=-13110.000 Z=0.000), Max=(X=12170.000 Y=-510.000 Z=200.000) RuntimeGrid:None EditorOnly:0 RuntimeOnly:0 HLODRelevant:1 ListedInSceneOutliner:1 IsMainWorldOnly:0
 |   |   |- Guid:C7A0916440084ACA2DCD319B18C36B95 BaseClass: NativeClass:/Script/Landscape.LandscapeStreamingProxy Name:LandscapeStreamingProxy_9H07GY2ZHBYR3BW0Y04NZQD9R_126_0_1_0 Label:LandscapeStreamingProxy_0_1_0 SpatiallyLoaded:1 Bounds:IsValid=true, Min=(X=-25630.000 Y=-13110.000 Z=0.000), Max=(X=-13030.000 Y=-510.000 Z=200.000) RuntimeGrid:None EditorOnly:0 RuntimeOnly:0 HLODRelevant:1 ListedInSceneOutliner:1 IsMainWorldOnly:0
 |   |   |- Guid:CC8CA73B4C348504EAF37BB2D5F3ABBF BaseClass: NativeClass:/Script/Engine.DirectionalLight Name:DirectionalLight_UAID_1C1B0D911DF416D201_1396907795 Label:DirectionalLight SpatiallyLoaded:0 Bounds:IsValid=true, Min=(X=-4398046511104.000 Y=-4398046511104.000 Z=-4398046511104.000), Max=(X=4398046511104.000 Y=4398046511104.000 Z=4398046511104.000) RuntimeGrid:None EditorOnly:0 RuntimeOnly:0 HLODRelevant:0 ListedInSceneOutliner:1 IsMainWorldOnly:0 FolderPath:NewFolder1 FolderGuid:2618AC6647C4C589B7BF759C3C49BCF7
 |   |   |- Guid:CEFF6DFA4CAE3546988F958239963E32 BaseClass: NativeClass:/Script/Landscape.LandscapeStreamingProxy Name:LandscapeStreamingProxy_9H07GY2ZHBYR3BW0Y04NZQD9R_126_2_2_0 Label:LandscapeStreamingProxy_2_2_0 SpatiallyLoaded:1 Bounds:IsValid=true, Min=(X=-430.000 Y=-510.000 Z=0.000), Max=(X=12170.000 Y=12090.000 Z=200.000) RuntimeGrid:None EditorOnly:0 RuntimeOnly:0 HLODRelevant:1 ListedInSceneOutliner:1 IsMainWorldOnly:0
 |   |   |- Guid:D14F14334EEB3F45C0F8349998DE7B2F BaseClass: NativeClass:/Script/Landscape.LandscapeStreamingProxy Name:LandscapeStreamingProxy_9H07GY2ZHBYR3BW0Y04NZQD9R_126_3_1_0 Label:LandscapeStreamingProxy_3_1_0 SpatiallyLoaded:1 Bounds:IsValid=true, Min=(X=12170.000 Y=-13110.000 Z=0.000), Max=(X=24770.000 Y=-510.000 Z=200.000) RuntimeGrid:None EditorOnly:0 RuntimeOnly:0 HLODRelevant:1 ListedInSceneOutliner:1 IsMainWorldOnly:0
 |   |   |- Guid:D47B6FD54561D7D1E5E674BDEB3739B9 BaseClass: NativeClass:/Script/Landscape.LandscapeStreamingProxy Name:LandscapeStreamingProxy_9H07GY2ZHBYR3BW0Y04NZQD9R_126_1_2_0 Label:LandscapeStreamingProxy_1_2_0 SpatiallyLoaded:1 Bounds:IsValid=true, Min=(X=-13030.000 Y=-510.000 Z=0.000), Max=(X=-430.000 Y=12090.000 Z=200.000) RuntimeGrid:None EditorOnly:0 RuntimeOnly:0 HLODRelevant:1 ListedInSceneOutliner:1 IsMainWorldOnly:0
 |   |   |- Guid:E3DABD5B4C6D8926C40DCFA6494F3375 BaseClass: NativeClass:/Script/Engine.ExponentialHeightFog Name:ExponentialHeightFog_UAID_1C1B0D911DF416D201_1398034796 Label:ExponentialHeightFog SpatiallyLoaded:0 Bounds:IsValid=true, Min=(X=0.000 Y=0.000 Z=0.000), Max=(X=0.000 Y=0.000 Z=0.000) RuntimeGrid:None EditorOnly:0 RuntimeOnly:0 HLODRelevant:0 ListedInSceneOutliner:1 IsMainWorldOnly:0 FolderPath:NewFolder1 FolderGuid:2618AC6647C4C589B7BF759C3C49BCF7
 |   |   |- Guid:EC51F8334538A655E81E82AF79DF7884 BaseClass: NativeClass:/Script/Landscape.LandscapeStreamingProxy Name:LandscapeStreamingProxy_9H07GY2ZHBYR3BW0Y04NZQD9R_126_2_0_0 Label:LandscapeStreamingProxy_2_0_0 SpatiallyLoaded:1 Bounds:IsValid=true, Min=(X=-430.000 Y=-25710.000 Z=0.000), Max=(X=12170.000 Y=-13110.000 Z=200.000) RuntimeGrid:None EditorOnly:0 RuntimeOnly:0 HLODRelevant:1 ListedInSceneOutliner:1 IsMainWorldOnly:0
 |   |   |- Guid:F119E3FF4AD98F19EA355AB3A7D08946 BaseClass: NativeClass:/Script/Landscape.Landscape Name:Landscape_UAID_1C1B0D911DF416D201_1333438792 Label:Landscape SpatiallyLoaded:0 Bounds:IsValid=true, Min=(X=-25630.000 Y=-25710.000 Z=100.000), Max=(X=-25630.000 Y=-25710.000 Z=100.000) RuntimeGrid:None EditorOnly:0 RuntimeOnly:0 HLODRelevant:0 ListedInSceneOutliner:1 IsMainWorldOnly:0
 |   |- [+] Clusters:
 |   |   |- [+] [  0]
 |   |   |   |- Guid:1514F83640AD0FD68B7E61B19634C945 BaseClass: NativeClass:/Script/Landscape.LandscapeStreamingProxy Name:LandscapeStreamingProxy_9H07GY2ZHBYR3BW0Y04NZQD9R_126_1_0_0 Label:LandscapeStreamingProxy_1_0_0 SpatiallyLoaded:1 Bounds:IsValid=true, Min=(X=-13030.000 Y=-25710.000 Z=0.000), Max=(X=-430.000 Y=-13110.000 Z=200.000) RuntimeGrid:None EditorOnly:0 RuntimeOnly:0 HLODRelevant:1 ListedInSceneOutliner:1 IsMainWorldOnly:0
 |   |   |- [+] [  1]
 |   |   |   |- Guid:173B31AB423D457CEA9565AEE9BF732B BaseClass: NativeClass:/Script/Landscape.LandscapeStreamingProxy Name:LandscapeStreamingProxy_9H07GY2ZHBYR3BW0Y04NZQD9R_126_0_3_0 Label:LandscapeStreamingProxy_0_3_0 SpatiallyLoaded:1 Bounds:IsValid=true, Min=(X=-25630.000 Y=12090.000 Z=0.000), Max=(X=-13030.000 Y=24690.000 Z=200.000) RuntimeGrid:None EditorOnly:0 RuntimeOnly:0 HLODRelevant:1 ListedInSceneOutliner:1 IsMainWorldOnly:0
 |   |   |- [+] [  2]
 |   |   |   |- Guid:1748BA1F4274AC3BA5C022972FF66A29 BaseClass: NativeClass:/Script/Engine.SkyAtmosphere Name:SkyAtmosphere_UAID_1C1B0D911DF416D201_1395940794 Label:SkyAtmosphere SpatiallyLoaded:0 Bounds:IsValid=true, Min=(X=0.000 Y=0.000 Z=0.000), Max=(X=0.000 Y=0.000 Z=0.000) RuntimeGrid:None EditorOnly:0 RuntimeOnly:0 HLODRelevant:0 ListedInSceneOutliner:1 IsMainWorldOnly:0 FolderPath:NewFolder1 FolderGuid:2618AC6647C4C589B7BF759C3C49BCF7
 |   |   |- [+] [  3]
 |   |   |   |- Guid:1D49051546270824E54A4E8123A7508E BaseClass: NativeClass:/Script/Landscape.LandscapeStreamingProxy Name:LandscapeStreamingProxy_9H07GY2ZHBYR3BW0Y04NZQD9R_126_3_3_0 Label:LandscapeStreamingProxy_3_3_0 SpatiallyLoaded:1 Bounds:IsValid=true, Min=(X=12170.000 Y=12090.000 Z=0.000), Max=(X=24770.000 Y=24690.000 Z=200.000) RuntimeGrid:None EditorOnly:0 RuntimeOnly:0 HLODRelevant:1 ListedInSceneOutliner:1 IsMainWorldOnly:0
 |   |   |- [+] [  4]
 |   |   |   |- Guid:54EBD5BA4A19B185BA95B7843A91E79E BaseClass: NativeClass:/Script/Engine.SkyLight Name:SkyLight_UAID_1C1B0D911DF416D201_1392657793 Label:SkyLight SpatiallyLoaded:0 Bounds:IsValid=true, Min=(X=0.000 Y=0.000 Z=0.000), Max=(X=0.000 Y=0.000 Z=0.000) RuntimeGrid:None EditorOnly:0 RuntimeOnly:0 HLODRelevant:0 ListedInSceneOutliner:1 IsMainWorldOnly:0 FolderPath:NewFolder1 FolderGuid:2618AC6647C4C589B7BF759C3C49BCF7
 |   |   |- [+] [  5]
 |   |   |   |- Guid:57E56A50461407AB54EB96BCA1273B08 BaseClass: NativeClass:/Script/Engine.VolumetricCloud Name:VolumetricCloud_UAID_1C1B0D911DF416D201_1398970797 Label:VolumetricCloud SpatiallyLoaded:0 Bounds:IsValid=true, Min=(X=0.000 Y=0.000 Z=0.000), Max=(X=0.000 Y=0.000 Z=0.000) RuntimeGrid:None EditorOnly:0 RuntimeOnly:0 HLODRelevant:0 ListedInSceneOutliner:1 IsMainWorldOnly:0 FolderPath:NewFolder1 FolderGuid:2618AC6647C4C589B7BF759C3C49BCF7
 |   |   |- [+] [  6]
 |   |   |   |- Guid:7F8A6615471E63AFB7D5379E5CAA1FC0 BaseClass: NativeClass:/Script/Landscape.LandscapeStreamingProxy Name:LandscapeStreamingProxy_9H07GY2ZHBYR3BW0Y04NZQD9R_126_3_0_0 Label:LandscapeStreamingProxy_3_0_0 SpatiallyLoaded:1 Bounds:IsValid=true, Min=(X=12170.000 Y=-25710.000 Z=0.000), Max=(X=24770.000 Y=-13110.000 Z=200.000) RuntimeGrid:None EditorOnly:0 RuntimeOnly:0 HLODRelevant:1 ListedInSceneOutliner:1 IsMainWorldOnly:0
 |   |   |- [+] [  7]
 |   |   |   |- Guid:8797CD5B4D92AF65A472DAA6AED70AF9 BaseClass: NativeClass:/Script/Landscape.LandscapeStreamingProxy Name:LandscapeStreamingProxy_9H07GY2ZHBYR3BW0Y04NZQD9R_126_3_2_0 Label:LandscapeStreamingProxy_3_2_0 SpatiallyLoaded:1 Bounds:IsValid=true, Min=(X=12170.000 Y=-510.000 Z=0.000), Max=(X=24770.000 Y=12090.000 Z=200.000) RuntimeGrid:None EditorOnly:0 RuntimeOnly:0 HLODRelevant:1 ListedInSceneOutliner:1 IsMainWorldOnly:0
 |   |   |- [+] [  8]
 |   |   |   |- Guid:8DDEE9534F016475B7D90993A5E0E130 BaseClass: NativeClass:/Script/Landscape.LandscapeStreamingProxy Name:LandscapeStreamingProxy_9H07GY2ZHBYR3BW0Y04NZQD9R_126_1_3_0 Label:LandscapeStreamingProxy_1_3_0 SpatiallyLoaded:1 Bounds:IsValid=true, Min=(X=-13030.000 Y=12090.000 Z=0.000), Max=(X=-430.000 Y=24690.000 Z=200.000) RuntimeGrid:None EditorOnly:0 RuntimeOnly:0 HLODRelevant:1 ListedInSceneOutliner:1 IsMainWorldOnly:0
 |   |   |- [+] [  9]
 |   |   |   |- Guid:96C5413E40BFE0A30FF5F6892C51E637 BaseClass: NativeClass:/Script/Landscape.LandscapeStreamingProxy Name:LandscapeStreamingProxy_9H07GY2ZHBYR3BW0Y04NZQD9R_126_0_2_0 Label:LandscapeStreamingProxy_0_2_0 SpatiallyLoaded:1 Bounds:IsValid=true, Min=(X=-25630.000 Y=-510.000 Z=0.000), Max=(X=-13030.000 Y=12090.000 Z=200.000) RuntimeGrid:None EditorOnly:0 RuntimeOnly:0 HLODRelevant:1 ListedInSceneOutliner:1 IsMainWorldOnly:0
 |   |   |- [+] [ 10]
 |   |   |   |- Guid:9DE80B0E4BD34EC036FCB1A51BE64DE3 BaseClass: NativeClass:/Script/Engine.WorldDataLayers Name:WorldDataLayers Label:WorldDataLayers SpatiallyLoaded:0 Bounds:Invalid RuntimeGrid:None EditorOnly:0 RuntimeOnly:0 HLODRelevant:0 ListedInSceneOutliner:1 IsMainWorldOnly:1
 |   |   |- [+] [ 11]
 |   |   |   |- Guid:A76464B4418BEE60F7827ABE16D81BF9 BaseClass: NativeClass:/Script/Landscape.LandscapeStreamingProxy Name:LandscapeStreamingProxy_9H07GY2ZHBYR3BW0Y04NZQD9R_126_1_1_0 Label:LandscapeStreamingProxy_1_1_0 SpatiallyLoaded:1 Bounds:IsValid=true, Min=(X=-13030.000 Y=-13110.000 Z=0.000), Max=(X=-430.000 Y=-510.000 Z=200.000) RuntimeGrid:None EditorOnly:0 RuntimeOnly:0 HLODRelevant:1 ListedInSceneOutliner:1 IsMainWorldOnly:0
 |   |   |- [+] [ 12]
 |   |   |   |- Guid:A983EDFB4E818C6673DDDFABF9FD43D3 BaseClass: NativeClass:/Script/Landscape.LandscapeStreamingProxy Name:LandscapeStreamingProxy_9H07GY2ZHBYR3BW0Y04NZQD9R_126_0_0_0 Label:LandscapeStreamingProxy_0_0_0 SpatiallyLoaded:1 Bounds:IsValid=true, Min=(X=-25630.000 Y=-25710.000 Z=0.000), Max=(X=-13030.000 Y=-13110.000 Z=200.000) RuntimeGrid:None EditorOnly:0 RuntimeOnly:0 HLODRelevant:1 ListedInSceneOutliner:1 IsMainWorldOnly:0
 |   |   |- [+] [ 13]
 |   |   |   |- Guid:B44176DD4218EC1A1E66969830C8F254 BaseClass: NativeClass:/Script/Landscape.LandscapeStreamingProxy Name:LandscapeStreamingProxy_9H07GY2ZHBYR3BW0Y04NZQD9R_126_2_3_0 Label:LandscapeStreamingProxy_2_3_0 SpatiallyLoaded:1 Bounds:IsValid=true, Min=(X=-430.000 Y=12090.000 Z=0.000), Max=(X=12170.000 Y=24690.000 Z=200.000) RuntimeGrid:None EditorOnly:0 RuntimeOnly:0 HLODRelevant:1 ListedInSceneOutliner:1 IsMainWorldOnly:0
 |   |   |- [+] [ 14]
 |   |   |   |- Guid:BA92E9AF4849CEE96EA9B5BA09A7B3E4 BaseClass: NativeClass:/Script/Landscape.LandscapeStreamingProxy Name:LandscapeStreamingProxy_9H07GY2ZHBYR3BW0Y04NZQD9R_126_2_1_0 Label:LandscapeStreamingProxy_2_1_0 SpatiallyLoaded:1 Bounds:IsValid=true, Min=(X=-430.000 Y=-13110.000 Z=0.000), Max=(X=12170.000 Y=-510.000 Z=200.000) RuntimeGrid:None EditorOnly:0 RuntimeOnly:0 HLODRelevant:1 ListedInSceneOutliner:1 IsMainWorldOnly:0
 |   |   |- [+] [ 15]
 |   |   |   |- Guid:C7A0916440084ACA2DCD319B18C36B95 BaseClass: NativeClass:/Script/Landscape.LandscapeStreamingProxy Name:LandscapeStreamingProxy_9H07GY2ZHBYR3BW0Y04NZQD9R_126_0_1_0 Label:LandscapeStreamingProxy_0_1_0 SpatiallyLoaded:1 Bounds:IsValid=true, Min=(X=-25630.000 Y=-13110.000 Z=0.000), Max=(X=-13030.000 Y=-510.000 Z=200.000) RuntimeGrid:None EditorOnly:0 RuntimeOnly:0 HLODRelevant:1 ListedInSceneOutliner:1 IsMainWorldOnly:0
 |   |   |- [+] [ 16]
 |   |   |   |- Guid:CC8CA73B4C348504EAF37BB2D5F3ABBF BaseClass: NativeClass:/Script/Engine.DirectionalLight Name:DirectionalLight_UAID_1C1B0D911DF416D201_1396907795 Label:DirectionalLight SpatiallyLoaded:0 Bounds:IsValid=true, Min=(X=-4398046511104.000 Y=-4398046511104.000 Z=-4398046511104.000), Max=(X=4398046511104.000 Y=4398046511104.000 Z=4398046511104.000) RuntimeGrid:None EditorOnly:0 RuntimeOnly:0 HLODRelevant:0 ListedInSceneOutliner:1 IsMainWorldOnly:0 FolderPath:NewFolder1 FolderGuid:2618AC6647C4C589B7BF759C3C49BCF7
 |   |   |- [+] [ 17]
 |   |   |   |- Guid:CEFF6DFA4CAE3546988F958239963E32 BaseClass: NativeClass:/Script/Landscape.LandscapeStreamingProxy Name:LandscapeStreamingProxy_9H07GY2ZHBYR3BW0Y04NZQD9R_126_2_2_0 Label:LandscapeStreamingProxy_2_2_0 SpatiallyLoaded:1 Bounds:IsValid=true, Min=(X=-430.000 Y=-510.000 Z=0.000), Max=(X=12170.000 Y=12090.000 Z=200.000) RuntimeGrid:None EditorOnly:0 RuntimeOnly:0 HLODRelevant:1 ListedInSceneOutliner:1 IsMainWorldOnly:0
 |   |   |- [+] [ 18]
 |   |   |   |- Guid:D14F14334EEB3F45C0F8349998DE7B2F BaseClass: NativeClass:/Script/Landscape.LandscapeStreamingProxy Name:LandscapeStreamingProxy_9H07GY2ZHBYR3BW0Y04NZQD9R_126_3_1_0 Label:LandscapeStreamingProxy_3_1_0 SpatiallyLoaded:1 Bounds:IsValid=true, Min=(X=12170.000 Y=-13110.000 Z=0.000), Max=(X=24770.000 Y=-510.000 Z=200.000) RuntimeGrid:None EditorOnly:0 RuntimeOnly:0 HLODRelevant:1 ListedInSceneOutliner:1 IsMainWorldOnly:0
 |   |   |- [+] [ 19]
 |   |   |   |- Guid:D47B6FD54561D7D1E5E674BDEB3739B9 BaseClass: NativeClass:/Script/Landscape.LandscapeStreamingProxy Name:LandscapeStreamingProxy_9H07GY2ZHBYR3BW0Y04NZQD9R_126_1_2_0 Label:LandscapeStreamingProxy_1_2_0 SpatiallyLoaded:1 Bounds:IsValid=true, Min=(X=-13030.000 Y=-510.000 Z=0.000), Max=(X=-430.000 Y=12090.000 Z=200.000) RuntimeGrid:None EditorOnly:0 RuntimeOnly:0 HLODRelevant:1 ListedInSceneOutliner:1 IsMainWorldOnly:0
 |   |   |- [+] [ 20]
 |   |   |   |- Guid:E3DABD5B4C6D8926C40DCFA6494F3375 BaseClass: NativeClass:/Script/Engine.ExponentialHeightFog Name:ExponentialHeightFog_UAID_1C1B0D911DF416D201_1398034796 Label:ExponentialHeightFog SpatiallyLoaded:0 Bounds:IsValid=true, Min=(X=0.000 Y=0.000 Z=0.000), Max=(X=0.000 Y=0.000 Z=0.000) RuntimeGrid:None EditorOnly:0 RuntimeOnly:0 HLODRelevant:0 ListedInSceneOutliner:1 IsMainWorldOnly:0 FolderPath:NewFolder1 FolderGuid:2618AC6647C4C589B7BF759C3C49BCF7
 |   |   |- [+] [ 21]
 |   |   |   |- Guid:EC51F8334538A655E81E82AF79DF7884 BaseClass: NativeClass:/Script/Landscape.LandscapeStreamingProxy Name:LandscapeStreamingProxy_9H07GY2ZHBYR3BW0Y04NZQD9R_126_2_0_0 Label:LandscapeStreamingProxy_2_0_0 SpatiallyLoaded:1 Bounds:IsValid=true, Min=(X=-430.000 Y=-25710.000 Z=0.000), Max=(X=12170.000 Y=-13110.000 Z=200.000) RuntimeGrid:None EditorOnly:0 RuntimeOnly:0 HLODRelevant:1 ListedInSceneOutliner:1 IsMainWorldOnly:0
 |   |   |- [+] [ 22]
 |   |   |   |- Guid:F119E3FF4AD98F19EA355AB3A7D08946 BaseClass: NativeClass:/Script/Landscape.Landscape Name:Landscape_UAID_1C1B0D911DF416D201_1333438792 Label:Landscape SpatiallyLoaded:0 Bounds:IsValid=true, Min=(X=-25630.000 Y=-25710.000 Z=100.000), Max=(X=-25630.000 Y=-25710.000 Z=100.000) RuntimeGrid:None EditorOnly:0 RuntimeOnly:0 HLODRelevant:0 ListedInSceneOutliner:1 IsMainWorldOnly:0
 |- ContainerInstances:
 |- [+] MainContainer:
 |   |-        ID: 00000000000000000000000000000000
 |   |-  ParentID: 00000000000000000000000000000000
 |   |-    Bounds: IsValid=true, Min=(X=-25630.000 Y=-25710.000 Z=0.000), Max=(X=24770.000 Y=24690.000 Z=200.000)
 |   |- Transform: 0.000000,0.000000,0.000000|0.000000,0.000000,-0.000000|1.000000,1.000000,1.000000
 |   |- Container: /Game/RTS/Maps/RTS
